{"contracts/dependencies/openzeppelin/contracts/Address.sol":{"l":{"29":0,"30":0,"32":0,"35":0,"55":0,"58":0,"59":0},"path":"/Users/stevenvaleri/Desktop/projects/aave/aave-v3-core/contracts/dependencies/openzeppelin/contracts/Address.sol","s":{"1":0,"2":0,"3":0,"4":0,"5":0,"6":0},"b":{"1":[0,0],"2":[0,0]},"f":{"1":0,"2":0},"fnMap":{"1":{"name":"isContract","line":25,"loc":{"start":{"line":25,"column":2},"end":{"line":36,"column":2}}},"2":{"name":"sendValue","line":54,"loc":{"start":{"line":54,"column":2},"end":{"line":60,"column":2}}}},"statementMap":{"1":{"start":{"line":29,"column":4},"end":{"line":29,"column":20}},"2":{"start":{"line":30,"column":4},"end":{"line":30,"column":92}},"3":{"start":{"line":35,"column":4},"end":{"line":35,"column":55}},"4":{"start":{"line":55,"column":4},"end":{"line":55,"column":76}},"5":{"start":{"line":58,"column":4},"end":{"line":58,"column":56}},"6":{"start":{"line":59,"column":4},"end":{"line":59,"column":81}}},"branchMap":{"1":{"line":55,"type":"if","locations":[{"start":{"line":55,"column":4},"end":{"line":55,"column":4}},{"start":{"line":55,"column":4},"end":{"line":55,"column":4}}]},"2":{"line":59,"type":"if","locations":[{"start":{"line":59,"column":4},"end":{"line":59,"column":4}},{"start":{"line":59,"column":4},"end":{"line":59,"column":4}}]}}},"contracts/dependencies/openzeppelin/contracts/Context.sol":{"l":{"16":0,"20":0,"21":0},"path":"/Users/stevenvaleri/Desktop/projects/aave/aave-v3-core/contracts/dependencies/openzeppelin/contracts/Context.sol","s":{"1":0,"2":0},"b":{},"f":{"1":0,"2":0},"fnMap":{"1":{"name":"_msgSender","line":15,"loc":{"start":{"line":15,"column":2},"end":{"line":17,"column":2}}},"2":{"name":"_msgData","line":19,"loc":{"start":{"line":19,"column":2},"end":{"line":22,"column":2}}}},"statementMap":{"1":{"start":{"line":16,"column":4},"end":{"line":16,"column":30}},"2":{"start":{"line":21,"column":4},"end":{"line":21,"column":19}}},"branchMap":{}},"contracts/dependencies/openzeppelin/contracts/ERC20.sol":{"l":{"58":0,"59":0,"60":0,"67":0,"75":0,"92":0,"99":0,"106":0,"118":0,"119":0,"132":0,"143":0,"144":0,"164":0,"165":0,"170":0,"186":0,"187":0,"209":0,"217":0,"239":0,"240":0,"242":0,"244":0,"245":0,"246":0,"259":0,"261":0,"263":0,"264":0,"265":0,"280":0,"282":0,"284":0,"285":0,"286":0,"307":0,"308":0,"310":0,"311":0,"322":0},"path":"/Users/stevenvaleri/Desktop/projects/aave/aave-v3-core/contracts/dependencies/openzeppelin/contracts/ERC20.sol","s":{"1":0,"2":0,"3":0,"4":0,"5":0,"6":0,"7":0,"8":0,"9":0,"10":0,"11":0,"12":0,"13":0,"14":0,"15":0,"16":0,"17":0,"18":0,"19":0,"20":0,"21":0,"22":0,"23":0,"24":0,"25":0,"26":0,"27":0,"28":0,"29":0,"30":0,"31":0,"32":0,"33":0,"34":0,"35":0,"36":0,"37":0,"38":0,"39":0,"40":0,"41":0},"b":{"1":[0,0],"2":[0,0],"3":[0,0],"4":[0,0],"5":[0,0],"6":[0,0]},"f":{"1":0,"2":0,"3":0,"4":0,"5":0,"6":0,"7":0,"8":0,"9":0,"10":0,"11":0,"12":0,"13":0,"14":0,"15":0,"16":0,"17":0,"18":0},"fnMap":{"1":{"name":"constructor","line":57,"loc":{"start":{"line":57,"column":2},"end":{"line":61,"column":2}}},"2":{"name":"name","line":66,"loc":{"start":{"line":66,"column":2},"end":{"line":68,"column":2}}},"3":{"name":"symbol","line":74,"loc":{"start":{"line":74,"column":2},"end":{"line":76,"column":2}}},"4":{"name":"decimals","line":91,"loc":{"start":{"line":91,"column":2},"end":{"line":93,"column":2}}},"5":{"name":"totalSupply","line":98,"loc":{"start":{"line":98,"column":2},"end":{"line":100,"column":2}}},"6":{"name":"balanceOf","line":105,"loc":{"start":{"line":105,"column":2},"end":{"line":107,"column":2}}},"7":{"name":"transfer","line":117,"loc":{"start":{"line":117,"column":2},"end":{"line":120,"column":2}}},"8":{"name":"allowance","line":125,"loc":{"start":{"line":125,"column":2},"end":{"line":133,"column":2}}},"9":{"name":"approve","line":142,"loc":{"start":{"line":142,"column":2},"end":{"line":145,"column":2}}},"10":{"name":"transferFrom","line":159,"loc":{"start":{"line":159,"column":2},"end":{"line":171,"column":2}}},"11":{"name":"increaseAllowance","line":185,"loc":{"start":{"line":185,"column":2},"end":{"line":188,"column":2}}},"12":{"name":"decreaseAllowance","line":204,"loc":{"start":{"line":204,"column":2},"end":{"line":218,"column":2}}},"13":{"name":"_transfer","line":234,"loc":{"start":{"line":234,"column":2},"end":{"line":247,"column":2}}},"14":{"name":"_mint","line":258,"loc":{"start":{"line":258,"column":2},"end":{"line":266,"column":2}}},"15":{"name":"_burn","line":279,"loc":{"start":{"line":279,"column":2},"end":{"line":287,"column":2}}},"16":{"name":"_approve","line":302,"loc":{"start":{"line":302,"column":2},"end":{"line":312,"column":2}}},"17":{"name":"_setupDecimals","line":321,"loc":{"start":{"line":321,"column":2},"end":{"line":323,"column":2}}},"18":{"name":"_beforeTokenTransfer","line":339,"loc":{"start":{"line":339,"column":2},"end":{"line":343,"column":22}}}},"statementMap":{"1":{"start":{"line":58,"column":4},"end":{"line":58,"column":15}},"2":{"start":{"line":59,"column":4},"end":{"line":59,"column":19}},"3":{"start":{"line":60,"column":4},"end":{"line":60,"column":17}},"4":{"start":{"line":67,"column":4},"end":{"line":67,"column":16}},"5":{"start":{"line":75,"column":4},"end":{"line":75,"column":18}},"6":{"start":{"line":92,"column":4},"end":{"line":92,"column":20}},"7":{"start":{"line":99,"column":4},"end":{"line":99,"column":23}},"8":{"start":{"line":106,"column":4},"end":{"line":106,"column":29}},"9":{"start":{"line":118,"column":4},"end":{"line":118,"column":45}},"10":{"start":{"line":119,"column":4},"end":{"line":119,"column":15}},"11":{"start":{"line":132,"column":4},"end":{"line":132,"column":38}},"12":{"start":{"line":143,"column":4},"end":{"line":143,"column":42}},"13":{"start":{"line":144,"column":4},"end":{"line":144,"column":15}},"14":{"start":{"line":164,"column":4},"end":{"line":164,"column":39}},"15":{"start":{"line":165,"column":4},"end":{"line":165,"column":4816}},"16":{"start":{"line":170,"column":4},"end":{"line":170,"column":15}},"17":{"start":{"line":186,"column":4},"end":{"line":186,"column":86}},"18":{"start":{"line":187,"column":4},"end":{"line":187,"column":15}},"19":{"start":{"line":209,"column":4},"end":{"line":209,"column":6133}},"20":{"start":{"line":217,"column":4},"end":{"line":217,"column":15}},"21":{"start":{"line":239,"column":4},"end":{"line":239,"column":73}},"22":{"start":{"line":240,"column":4},"end":{"line":240,"column":74}},"23":{"start":{"line":242,"column":4},"end":{"line":242,"column":50}},"24":{"start":{"line":244,"column":4},"end":{"line":244,"column":94}},"25":{"start":{"line":245,"column":4},"end":{"line":245,"column":58}},"26":{"start":{"line":246,"column":4},"end":{"line":246,"column":44}},"27":{"start":{"line":259,"column":4},"end":{"line":259,"column":68}},"28":{"start":{"line":261,"column":4},"end":{"line":261,"column":52}},"29":{"start":{"line":263,"column":4},"end":{"line":263,"column":42}},"30":{"start":{"line":264,"column":4},"end":{"line":264,"column":54}},"31":{"start":{"line":265,"column":4},"end":{"line":265,"column":46}},"32":{"start":{"line":280,"column":4},"end":{"line":280,"column":70}},"33":{"start":{"line":282,"column":4},"end":{"line":282,"column":52}},"34":{"start":{"line":284,"column":4},"end":{"line":284,"column":92}},"35":{"start":{"line":285,"column":4},"end":{"line":285,"column":42}},"36":{"start":{"line":286,"column":4},"end":{"line":286,"column":46}},"37":{"start":{"line":307,"column":4},"end":{"line":307,"column":71}},"38":{"start":{"line":308,"column":4},"end":{"line":308,"column":71}},"39":{"start":{"line":310,"column":4},"end":{"line":310,"column":39}},"40":{"start":{"line":311,"column":4},"end":{"line":311,"column":41}},"41":{"start":{"line":322,"column":4},"end":{"line":322,"column":24}}},"branchMap":{"1":{"line":239,"type":"if","locations":[{"start":{"line":239,"column":4},"end":{"line":239,"column":4}},{"start":{"line":239,"column":4},"end":{"line":239,"column":4}}]},"2":{"line":240,"type":"if","locations":[{"start":{"line":240,"column":4},"end":{"line":240,"column":4}},{"start":{"line":240,"column":4},"end":{"line":240,"column":4}}]},"3":{"line":259,"type":"if","locations":[{"start":{"line":259,"column":4},"end":{"line":259,"column":4}},{"start":{"line":259,"column":4},"end":{"line":259,"column":4}}]},"4":{"line":280,"type":"if","locations":[{"start":{"line":280,"column":4},"end":{"line":280,"column":4}},{"start":{"line":280,"column":4},"end":{"line":280,"column":4}}]},"5":{"line":307,"type":"if","locations":[{"start":{"line":307,"column":4},"end":{"line":307,"column":4}},{"start":{"line":307,"column":4},"end":{"line":307,"column":4}}]},"6":{"line":308,"type":"if","locations":[{"start":{"line":308,"column":4},"end":{"line":308,"column":4}},{"start":{"line":308,"column":4},"end":{"line":308,"column":4}}]}}},"contracts/dependencies/openzeppelin/contracts/IERC20.sol":{"l":{},"path":"/Users/stevenvaleri/Desktop/projects/aave/aave-v3-core/contracts/dependencies/openzeppelin/contracts/IERC20.sol","s":{},"b":{},"f":{},"fnMap":{},"statementMap":{},"branchMap":{}},"contracts/dependencies/openzeppelin/contracts/IERC20Detailed.sol":{"l":{},"path":"/Users/stevenvaleri/Desktop/projects/aave/aave-v3-core/contracts/dependencies/openzeppelin/contracts/IERC20Detailed.sol","s":{},"b":{},"f":{},"fnMap":{},"statementMap":{},"branchMap":{}},"contracts/dependencies/openzeppelin/contracts/Ownable.sol":{"l":{"28":0,"29":0,"30":0,"37":0,"44":0,"45":0,"56":0,"57":0,"65":0,"66":0,"67":0},"path":"/Users/stevenvaleri/Desktop/projects/aave/aave-v3-core/contracts/dependencies/openzeppelin/contracts/Ownable.sol","s":{"1":0,"2":0,"3":0,"4":0,"5":0,"6":0,"7":0,"8":0,"9":0,"10":0},"b":{"1":[0,0],"2":[0,0]},"f":{"1":0,"2":0,"3":0,"4":0,"5":0},"fnMap":{"1":{"name":"constructor","line":27,"loc":{"start":{"line":27,"column":2},"end":{"line":31,"column":2}}},"2":{"name":"owner","line":36,"loc":{"start":{"line":36,"column":2},"end":{"line":38,"column":2}}},"3":{"name":"onlyOwner","line":43,"loc":{"start":{"line":43,"column":2},"end":{"line":46,"column":2}}},"4":{"name":"renounceOwnership","line":55,"loc":{"start":{"line":55,"column":2},"end":{"line":58,"column":2}}},"5":{"name":"transferOwnership","line":64,"loc":{"start":{"line":64,"column":2},"end":{"line":68,"column":2}}}},"statementMap":{"1":{"start":{"line":28,"column":4},"end":{"line":28,"column":36}},"2":{"start":{"line":29,"column":4},"end":{"line":29,"column":21}},"3":{"start":{"line":30,"column":4},"end":{"line":30,"column":52}},"4":{"start":{"line":37,"column":4},"end":{"line":37,"column":17}},"5":{"start":{"line":44,"column":4},"end":{"line":44,"column":70}},"6":{"start":{"line":56,"column":4},"end":{"line":56,"column":49}},"7":{"start":{"line":57,"column":4},"end":{"line":57,"column":22}},"8":{"start":{"line":65,"column":4},"end":{"line":65,"column":76}},"9":{"start":{"line":66,"column":4},"end":{"line":66,"column":47}},"10":{"start":{"line":67,"column":4},"end":{"line":67,"column":20}}},"branchMap":{"1":{"line":44,"type":"if","locations":[{"start":{"line":44,"column":4},"end":{"line":44,"column":4}},{"start":{"line":44,"column":4},"end":{"line":44,"column":4}}]},"2":{"line":65,"type":"if","locations":[{"start":{"line":65,"column":4},"end":{"line":65,"column":4}},{"start":{"line":65,"column":4},"end":{"line":65,"column":4}}]}}},"contracts/dependencies/openzeppelin/contracts/SafeERC20.sol":{"l":{"27":0,"36":0,"44":0,"48":0,"52":0,"55":0,"56":0,"58":0,"61":0},"path":"/Users/stevenvaleri/Desktop/projects/aave/aave-v3-core/contracts/dependencies/openzeppelin/contracts/SafeERC20.sol","s":{"1":0,"2":0,"3":0,"4":0,"5":0,"6":0,"7":0,"8":0,"9":0},"b":{"1":[0,0],"2":[0,0],"3":[0,0],"4":[0,0],"5":[0,0]},"f":{"1":0,"2":0,"3":0,"4":0},"fnMap":{"1":{"name":"safeTransfer","line":22,"loc":{"start":{"line":22,"column":2},"end":{"line":28,"column":2}}},"2":{"name":"safeTransferFrom","line":30,"loc":{"start":{"line":30,"column":2},"end":{"line":37,"column":2}}},"3":{"name":"safeApprove","line":39,"loc":{"start":{"line":39,"column":2},"end":{"line":49,"column":2}}},"4":{"name":"callOptionalReturn","line":51,"loc":{"start":{"line":51,"column":2},"end":{"line":63,"column":2}}}},"statementMap":{"1":{"start":{"line":27,"column":4},"end":{"line":27,"column":88}},"2":{"start":{"line":36,"column":4},"end":{"line":36,"column":98}},"3":{"start":{"line":44,"column":4},"end":{"line":44,"column":1226}},"4":{"start":{"line":48,"column":4},"end":{"line":48,"column":92}},"5":{"start":{"line":52,"column":4},"end":{"line":52,"column":74}},"6":{"start":{"line":55,"column":4},"end":{"line":55,"column":71}},"7":{"start":{"line":56,"column":4},"end":{"line":56,"column":55}},"8":{"start":{"line":58,"column":4},"end":{"line":58,"column":1817}},"9":{"start":{"line":61,"column":6},"end":{"line":61,"column":90}}},"branchMap":{"1":{"line":44,"type":"if","locations":[{"start":{"line":44,"column":4},"end":{"line":44,"column":4}},{"start":{"line":44,"column":4},"end":{"line":44,"column":4}}]},"2":{"line":52,"type":"if","locations":[{"start":{"line":52,"column":4},"end":{"line":52,"column":4}},{"start":{"line":52,"column":4},"end":{"line":52,"column":4}}]},"3":{"line":56,"type":"if","locations":[{"start":{"line":56,"column":4},"end":{"line":56,"column":4}},{"start":{"line":56,"column":4},"end":{"line":56,"column":4}}]},"4":{"line":58,"type":"if","locations":[{"start":{"line":58,"column":4},"end":{"line":58,"column":4}},{"start":{"line":58,"column":4},"end":{"line":58,"column":4}}]},"5":{"line":61,"type":"if","locations":[{"start":{"line":61,"column":6},"end":{"line":61,"column":6}},{"start":{"line":61,"column":6},"end":{"line":61,"column":6}}]}}},"contracts/dependencies/openzeppelin/contracts/SafeMath.sol":{"l":{"12":0,"20":0,"33":0,"41":0,"49":0},"path":"/Users/stevenvaleri/Desktop/projects/aave/aave-v3-core/contracts/dependencies/openzeppelin/contracts/SafeMath.sol","s":{"1":0},"b":{},"f":{"1":0,"2":0,"3":0,"4":0,"5":0},"fnMap":{"1":{"name":"add","line":11,"loc":{"start":{"line":11,"column":2},"end":{"line":13,"column":2}}},"2":{"name":"sub","line":19,"loc":{"start":{"line":19,"column":2},"end":{"line":21,"column":2}}},"3":{"name":"sub","line":28,"loc":{"start":{"line":28,"column":2},"end":{"line":34,"column":2}}},"4":{"name":"mul","line":40,"loc":{"start":{"line":40,"column":2},"end":{"line":42,"column":2}}},"5":{"name":"div","line":48,"loc":{"start":{"line":48,"column":2},"end":{"line":50,"column":2}}}},"statementMap":{"1":{"start":{"line":49,"column":4},"end":{"line":49,"column":16}}},"branchMap":{}},"contracts/dependencies/openzeppelin/upgradeability/AdminUpgradeabilityProxy.sol":{"l":{"26":0,"27":0,"34":0},"path":"/Users/stevenvaleri/Desktop/projects/aave/aave-v3-core/contracts/dependencies/openzeppelin/upgradeability/AdminUpgradeabilityProxy.sol","s":{"1":0,"2":0,"3":0},"b":{},"f":{"1":0,"2":0},"fnMap":{"1":{"name":"constructor","line":25,"loc":{"start":{"line":21,"column":2},"end":{"line":28,"column":2}}},"2":{"name":"_willFallback","line":33,"loc":{"start":{"line":33,"column":2},"end":{"line":35,"column":2}}}},"statementMap":{"1":{"start":{"line":26,"column":4},"end":{"line":26,"column":79}},"2":{"start":{"line":27,"column":4},"end":{"line":27,"column":20}},"3":{"start":{"line":34,"column":4},"end":{"line":34,"column":47}}},"branchMap":{}},"contracts/dependencies/openzeppelin/upgradeability/BaseAdminUpgradeabilityProxy.sol":{"l":{"36":0,"37":0,"39":0,"47":0,"54":0,"63":0,"64":0,"65":0,"74":0,"91":0,"92":0,"93":0,"100":0,"102":0,"112":0,"114":0,"123":0,"124":0},"path":"/Users/stevenvaleri/Desktop/projects/aave/aave-v3-core/contracts/dependencies/openzeppelin/upgradeability/BaseAdminUpgradeabilityProxy.sol","s":{"1":0,"2":0,"3":0,"4":0,"5":0,"6":0,"7":0,"8":0,"9":0,"10":0,"11":0,"12":0,"13":0,"14":0,"15":0},"b":{"1":[0,0],"2":[0,0],"3":[0,0],"4":[0,0]},"f":{"1":0,"2":0,"3":0,"4":0,"5":0,"6":0,"7":0,"8":0,"9":0},"fnMap":{"1":{"name":"ifAdmin","line":35,"loc":{"start":{"line":35,"column":2},"end":{"line":41,"column":2}}},"2":{"name":"admin","line":46,"loc":{"start":{"line":46,"column":2},"end":{"line":48,"column":2}}},"3":{"name":"implementation","line":53,"loc":{"start":{"line":53,"column":2},"end":{"line":55,"column":2}}},"4":{"name":"changeAdmin","line":62,"loc":{"start":{"line":62,"column":2},"end":{"line":66,"column":2}}},"5":{"name":"upgradeTo","line":73,"loc":{"start":{"line":73,"column":2},"end":{"line":75,"column":2}}},"6":{"name":"upgradeToAndCall","line":89,"loc":{"start":{"line":86,"column":2},"end":{"line":94,"column":2}}},"7":{"name":"_admin","line":99,"loc":{"start":{"line":99,"column":2},"end":{"line":105,"column":2}}},"8":{"name":"_setAdmin","line":111,"loc":{"start":{"line":111,"column":2},"end":{"line":117,"column":2}}},"9":{"name":"_willFallback","line":122,"loc":{"start":{"line":122,"column":2},"end":{"line":125,"column":2}}}},"statementMap":{"1":{"start":{"line":36,"column":4},"end":{"line":36,"column":1287}},"2":{"start":{"line":39,"column":6},"end":{"line":39,"column":16}},"3":{"start":{"line":47,"column":4},"end":{"line":47,"column":19}},"4":{"start":{"line":54,"column":4},"end":{"line":54,"column":28}},"5":{"start":{"line":63,"column":4},"end":{"line":63,"column":92}},"6":{"start":{"line":64,"column":4},"end":{"line":64,"column":41}},"7":{"start":{"line":65,"column":4},"end":{"line":65,"column":22}},"8":{"start":{"line":74,"column":4},"end":{"line":74,"column":32}},"9":{"start":{"line":91,"column":4},"end":{"line":91,"column":32}},"10":{"start":{"line":92,"column":4},"end":{"line":92,"column":59}},"11":{"start":{"line":93,"column":4},"end":{"line":93,"column":19}},"12":{"start":{"line":100,"column":4},"end":{"line":100,"column":29}},"13":{"start":{"line":112,"column":4},"end":{"line":112,"column":29}},"14":{"start":{"line":123,"column":4},"end":{"line":123,"column":88}},"15":{"start":{"line":124,"column":4},"end":{"line":124,"column":24}}},"branchMap":{"1":{"line":36,"type":"if","locations":[{"start":{"line":36,"column":4},"end":{"line":36,"column":4}},{"start":{"line":36,"column":4},"end":{"line":36,"column":4}}]},"2":{"line":63,"type":"if","locations":[{"start":{"line":63,"column":4},"end":{"line":63,"column":4}},{"start":{"line":63,"column":4},"end":{"line":63,"column":4}}]},"3":{"line":93,"type":"if","locations":[{"start":{"line":93,"column":4},"end":{"line":93,"column":4}},{"start":{"line":93,"column":4},"end":{"line":93,"column":4}}]},"4":{"line":123,"type":"if","locations":[{"start":{"line":123,"column":4},"end":{"line":123,"column":4}},{"start":{"line":123,"column":4},"end":{"line":123,"column":4}}]}}},"contracts/dependencies/openzeppelin/upgradeability/BaseUpgradeabilityProxy.sol":{"l":{"33":0,"35":0,"45":0,"46":0,"54":0,"59":0,"62":0},"path":"/Users/stevenvaleri/Desktop/projects/aave/aave-v3-core/contracts/dependencies/openzeppelin/upgradeability/BaseUpgradeabilityProxy.sol","s":{"1":0,"2":0,"3":0,"4":0,"5":0},"b":{"1":[0,0]},"f":{"1":0,"2":0,"3":0},"fnMap":{"1":{"name":"_implementation","line":32,"loc":{"start":{"line":32,"column":2},"end":{"line":38,"column":2}}},"2":{"name":"_upgradeTo","line":44,"loc":{"start":{"line":44,"column":2},"end":{"line":47,"column":2}}},"3":{"name":"_setImplementation","line":53,"loc":{"start":{"line":53,"column":2},"end":{"line":65,"column":2}}}},"statementMap":{"1":{"start":{"line":33,"column":4},"end":{"line":33,"column":38}},"2":{"start":{"line":45,"column":4},"end":{"line":45,"column":40}},"3":{"start":{"line":46,"column":4},"end":{"line":46,"column":36}},"4":{"start":{"line":54,"column":4},"end":{"line":54,"column":1692}},"5":{"start":{"line":59,"column":4},"end":{"line":59,"column":38}}},"branchMap":{"1":{"line":54,"type":"if","locations":[{"start":{"line":54,"column":4},"end":{"line":54,"column":4}},{"start":{"line":54,"column":4},"end":{"line":54,"column":4}}]}}},"contracts/dependencies/openzeppelin/upgradeability/Initializable.sol":{"l":{"31":0,"36":0,"37":0,"38":0,"39":0,"42":0,"44":0,"45":0,"56":0,"58":0,"61":0},"path":"/Users/stevenvaleri/Desktop/projects/aave/aave-v3-core/contracts/dependencies/openzeppelin/upgradeability/Initializable.sol","s":{"1":0,"2":0,"3":0,"4":0,"5":0,"6":0,"7":0,"8":0,"9":0},"b":{"1":[0,0],"2":[0,0],"3":[0,0]},"f":{"1":0,"2":0},"fnMap":{"1":{"name":"initializer","line":30,"loc":{"start":{"line":30,"column":2},"end":{"line":47,"column":2}}},"2":{"name":"isConstructor","line":50,"loc":{"start":{"line":50,"column":2},"end":{"line":62,"column":2}}}},"statementMap":{"1":{"start":{"line":31,"column":4},"end":{"line":31,"column":1046}},"2":{"start":{"line":36,"column":4},"end":{"line":36,"column":39}},"3":{"start":{"line":37,"column":4},"end":{"line":37,"column":1218}},"4":{"start":{"line":38,"column":6},"end":{"line":38,"column":24}},"5":{"start":{"line":39,"column":6},"end":{"line":39,"column":23}},"6":{"start":{"line":44,"column":4},"end":{"line":44,"column":1312}},"7":{"start":{"line":45,"column":6},"end":{"line":45,"column":25}},"8":{"start":{"line":56,"column":4},"end":{"line":56,"column":14}},"9":{"start":{"line":61,"column":4},"end":{"line":61,"column":18}}},"branchMap":{"1":{"line":31,"type":"if","locations":[{"start":{"line":31,"column":4},"end":{"line":31,"column":4}},{"start":{"line":31,"column":4},"end":{"line":31,"column":4}}]},"2":{"line":37,"type":"if","locations":[{"start":{"line":37,"column":4},"end":{"line":37,"column":4}},{"start":{"line":37,"column":4},"end":{"line":37,"column":4}}]},"3":{"line":44,"type":"if","locations":[{"start":{"line":44,"column":4},"end":{"line":44,"column":4}},{"start":{"line":44,"column":4},"end":{"line":44,"column":4}}]}}},"contracts/dependencies/openzeppelin/upgradeability/InitializableAdminUpgradeabilityProxy.sol":{"l":{"30":0,"31":0,"32":0,"33":0,"40":0},"path":"/Users/stevenvaleri/Desktop/projects/aave/aave-v3-core/contracts/dependencies/openzeppelin/upgradeability/InitializableAdminUpgradeabilityProxy.sol","s":{"1":0,"2":0,"3":0,"4":0,"5":0},"b":{"1":[0,0]},"f":{"1":0,"2":0},"fnMap":{"1":{"name":"initialize","line":25,"loc":{"start":{"line":25,"column":2},"end":{"line":34,"column":2}}},"2":{"name":"_willFallback","line":39,"loc":{"start":{"line":39,"column":2},"end":{"line":41,"column":2}}}},"statementMap":{"1":{"start":{"line":30,"column":4},"end":{"line":30,"column":43}},"2":{"start":{"line":31,"column":4},"end":{"line":31,"column":59}},"3":{"start":{"line":32,"column":4},"end":{"line":32,"column":79}},"4":{"start":{"line":33,"column":4},"end":{"line":33,"column":19}},"5":{"start":{"line":40,"column":4},"end":{"line":40,"column":47}}},"branchMap":{"1":{"line":30,"type":"if","locations":[{"start":{"line":30,"column":4},"end":{"line":30,"column":4}},{"start":{"line":30,"column":4},"end":{"line":30,"column":4}}]}}},"contracts/dependencies/openzeppelin/upgradeability/InitializableUpgradeabilityProxy.sol":{"l":{"21":0,"22":0,"23":0,"24":0,"25":0,"26":0},"path":"/Users/stevenvaleri/Desktop/projects/aave/aave-v3-core/contracts/dependencies/openzeppelin/upgradeability/InitializableUpgradeabilityProxy.sol","s":{"1":0,"2":0,"3":0,"4":0,"5":0,"6":0},"b":{"1":[0,0],"2":[0,0],"3":[0,0]},"f":{"1":0},"fnMap":{"1":{"name":"initialize","line":20,"loc":{"start":{"line":20,"column":2},"end":{"line":28,"column":2}}}},"statementMap":{"1":{"start":{"line":21,"column":4},"end":{"line":21,"column":43}},"2":{"start":{"line":22,"column":4},"end":{"line":22,"column":97}},"3":{"start":{"line":23,"column":4},"end":{"line":23,"column":29}},"4":{"start":{"line":24,"column":4},"end":{"line":24,"column":1118}},"5":{"start":{"line":25,"column":6},"end":{"line":25,"column":51}},"6":{"start":{"line":26,"column":6},"end":{"line":26,"column":21}}},"branchMap":{"1":{"line":21,"type":"if","locations":[{"start":{"line":21,"column":4},"end":{"line":21,"column":4}},{"start":{"line":21,"column":4},"end":{"line":21,"column":4}}]},"2":{"line":24,"type":"if","locations":[{"start":{"line":24,"column":4},"end":{"line":24,"column":4}},{"start":{"line":24,"column":4},"end":{"line":24,"column":4}}]},"3":{"line":26,"type":"if","locations":[{"start":{"line":26,"column":6},"end":{"line":26,"column":6}},{"start":{"line":26,"column":6},"end":{"line":26,"column":6}}]}}},"contracts/dependencies/openzeppelin/upgradeability/Proxy.sol":{"l":{"17":0,"33":0,"69":0,"70":0},"path":"/Users/stevenvaleri/Desktop/projects/aave/aave-v3-core/contracts/dependencies/openzeppelin/upgradeability/Proxy.sol","s":{"1":0,"2":0,"3":0},"b":{},"f":{"1":0,"2":0,"3":0,"4":0},"fnMap":{"1":{"name":null,"line":16,"loc":{"start":{"line":16,"column":2},"end":{"line":18,"column":2}}},"2":{"name":"_delegate","line":31,"loc":{"start":{"line":31,"column":2},"end":{"line":55,"column":2}}},"3":{"name":"_willFallback","line":62,"loc":{"start":{"line":62,"column":2},"end":{"line":62,"column":45}}},"4":{"name":"_fallback","line":68,"loc":{"start":{"line":68,"column":2},"end":{"line":71,"column":2}}}},"statementMap":{"1":{"start":{"line":17,"column":4},"end":{"line":17,"column":14}},"2":{"start":{"line":69,"column":4},"end":{"line":69,"column":18}},"3":{"start":{"line":70,"column":4},"end":{"line":70,"column":31}}},"branchMap":{}},"contracts/dependencies/openzeppelin/upgradeability/UpgradeabilityProxy.sol":{"l":{"21":0,"22":0,"23":0,"24":0,"25":0},"path":"/Users/stevenvaleri/Desktop/projects/aave/aave-v3-core/contracts/dependencies/openzeppelin/upgradeability/UpgradeabilityProxy.sol","s":{"1":0,"2":0,"3":0,"4":0,"5":0},"b":{"1":[0,0],"2":[0,0]},"f":{"1":0},"fnMap":{"1":{"name":"constructor","line":20,"loc":{"start":{"line":20,"column":2},"end":{"line":27,"column":2}}}},"statementMap":{"1":{"start":{"line":21,"column":4},"end":{"line":21,"column":97}},"2":{"start":{"line":22,"column":4},"end":{"line":22,"column":29}},"3":{"start":{"line":23,"column":4},"end":{"line":23,"column":1037}},"4":{"start":{"line":24,"column":6},"end":{"line":24,"column":51}},"5":{"start":{"line":25,"column":6},"end":{"line":25,"column":21}}},"branchMap":{"1":{"line":23,"type":"if","locations":[{"start":{"line":23,"column":4},"end":{"line":23,"column":4}},{"start":{"line":23,"column":4},"end":{"line":23,"column":4}}]},"2":{"line":25,"type":"if","locations":[{"start":{"line":25,"column":6},"end":{"line":25,"column":6}},{"start":{"line":25,"column":6},"end":{"line":25,"column":6}}]}}},"contracts/dependencies/weth/WETH9.sol":{"l":{"32":0,"36":0,"37":0,"41":0,"42":0,"43":0,"44":0,"48":0,"52":0,"53":0,"54":0,"58":0,"66":0,"68":0,"69":0,"70":0,"73":0,"74":0,"76":0,"78":0},"path":"/Users/stevenvaleri/Desktop/projects/aave/aave-v3-core/contracts/dependencies/weth/WETH9.sol","s":{"1":0,"2":0,"3":0,"4":0,"5":0,"6":0,"7":0,"8":0,"9":0,"10":0,"11":0,"12":0,"13":0,"14":0,"15":0,"16":0,"17":0,"18":0,"19":0},"b":{"1":[0,0],"2":[0,0],"3":[0,0],"4":[0,0]},"f":{"1":0,"2":0,"3":0,"4":0,"5":0,"6":0},"fnMap":{"1":{"name":"deposit","line":35,"loc":{"start":{"line":35,"column":2},"end":{"line":38,"column":2}}},"2":{"name":"withdraw","line":40,"loc":{"start":{"line":40,"column":2},"end":{"line":45,"column":2}}},"3":{"name":"totalSupply","line":47,"loc":{"start":{"line":47,"column":2},"end":{"line":49,"column":2}}},"4":{"name":"approve","line":51,"loc":{"start":{"line":51,"column":2},"end":{"line":55,"column":2}}},"5":{"name":"transfer","line":57,"loc":{"start":{"line":57,"column":2},"end":{"line":59,"column":2}}},"6":{"name":"transferFrom","line":61,"loc":{"start":{"line":61,"column":2},"end":{"line":79,"column":2}}}},"statementMap":{"1":{"start":{"line":36,"column":4},"end":{"line":36,"column":37}},"2":{"start":{"line":37,"column":4},"end":{"line":37,"column":39}},"3":{"start":{"line":41,"column":4},"end":{"line":41,"column":40}},"4":{"start":{"line":42,"column":4},"end":{"line":42,"column":31}},"5":{"start":{"line":43,"column":4},"end":{"line":43,"column":36}},"6":{"start":{"line":44,"column":4},"end":{"line":44,"column":36}},"7":{"start":{"line":48,"column":4},"end":{"line":48,"column":32}},"8":{"start":{"line":52,"column":4},"end":{"line":52,"column":35}},"9":{"start":{"line":53,"column":4},"end":{"line":53,"column":39}},"10":{"start":{"line":54,"column":4},"end":{"line":54,"column":15}},"11":{"start":{"line":58,"column":4},"end":{"line":58,"column":45}},"12":{"start":{"line":66,"column":4},"end":{"line":66,"column":33}},"13":{"start":{"line":68,"column":4},"end":{"line":68,"column":2113}},"14":{"start":{"line":69,"column":6},"end":{"line":69,"column":47}},"15":{"start":{"line":70,"column":6},"end":{"line":70,"column":38}},"16":{"start":{"line":73,"column":4},"end":{"line":73,"column":24}},"17":{"start":{"line":74,"column":4},"end":{"line":74,"column":24}},"18":{"start":{"line":76,"column":4},"end":{"line":76,"column":32}},"19":{"start":{"line":78,"column":4},"end":{"line":78,"column":15}}},"branchMap":{"1":{"line":41,"type":"if","locations":[{"start":{"line":41,"column":4},"end":{"line":41,"column":4}},{"start":{"line":41,"column":4},"end":{"line":41,"column":4}}]},"2":{"line":66,"type":"if","locations":[{"start":{"line":66,"column":4},"end":{"line":66,"column":4}},{"start":{"line":66,"column":4},"end":{"line":66,"column":4}}]},"3":{"line":68,"type":"if","locations":[{"start":{"line":68,"column":4},"end":{"line":68,"column":4}},{"start":{"line":68,"column":4},"end":{"line":68,"column":4}}]},"4":{"line":69,"type":"if","locations":[{"start":{"line":69,"column":6},"end":{"line":69,"column":6}},{"start":{"line":69,"column":6},"end":{"line":69,"column":6}}]}}},"contracts/deployments/ATokensAndRatesHelper.sol":{"l":{"42":0,"43":0,"44":0,"48":0,"49":0,"67":0,"68":0,"69":0,"76":0,"77":0,"83":0,"84":0},"path":"/Users/stevenvaleri/Desktop/projects/aave/aave-v3-core/contracts/deployments/ATokensAndRatesHelper.sol","s":{"1":0,"2":0,"3":0,"4":0,"5":0,"6":0,"7":0,"8":0,"9":0,"10":0,"11":0,"12":0},"b":{"1":[0,0]},"f":{"1":0,"2":0,"3":0},"fnMap":{"1":{"name":"constructor","line":37,"loc":{"start":{"line":37,"column":2},"end":{"line":45,"column":2}}},"2":{"name":"initDeployment","line":47,"loc":{"start":{"line":47,"column":2},"end":{"line":64,"column":2}}},"3":{"name":"configureReserves","line":66,"loc":{"start":{"line":66,"column":2},"end":{"line":86,"column":2}}}},"statementMap":{"1":{"start":{"line":42,"column":4},"end":{"line":42,"column":15}},"2":{"start":{"line":43,"column":4},"end":{"line":43,"column":41}},"3":{"start":{"line":44,"column":4},"end":{"line":44,"column":39}},"4":{"start":{"line":48,"column":4},"end":{"line":48,"column":1453}},"5":{"start":{"line":49,"column":6},"end":{"line":49,"column":1513}},"6":{"start":{"line":67,"column":4},"end":{"line":67,"column":70}},"7":{"start":{"line":68,"column":4},"end":{"line":68,"column":2121}},"8":{"start":{"line":69,"column":6},"end":{"line":69,"column":2180}},"9":{"start":{"line":76,"column":6},"end":{"line":76,"column":2386}},"10":{"start":{"line":77,"column":8},"end":{"line":77,"column":2435}},"11":{"start":{"line":83,"column":6},"end":{"line":83,"column":78}},"12":{"start":{"line":84,"column":6},"end":{"line":84,"column":86}}},"branchMap":{"1":{"line":76,"type":"if","locations":[{"start":{"line":76,"column":6},"end":{"line":76,"column":6}},{"start":{"line":76,"column":6},"end":{"line":76,"column":6}}]}}},"contracts/deployments/StableAndVariableTokensHelper.sol":{"l":{"16":0,"17":0,"21":0,"22":0,"23":0,"24":0,"33":0,"35":0,"37":0,"42":0,"43":0,"44":0},"path":"/Users/stevenvaleri/Desktop/projects/aave/aave-v3-core/contracts/deployments/StableAndVariableTokensHelper.sol","s":{"1":0,"2":0,"3":0,"4":0,"5":0,"6":0,"7":0,"8":0,"9":0,"10":0,"11":0,"12":0},"b":{"1":[0,0],"2":[0,0],"3":[0,0],"4":[0,0],"5":[0,0]},"f":{"1":0,"2":0,"3":0,"4":0},"fnMap":{"1":{"name":"constructor","line":15,"loc":{"start":{"line":15,"column":2},"end":{"line":18,"column":2}}},"2":{"name":"initDeployment","line":20,"loc":{"start":{"line":20,"column":2},"end":{"line":26,"column":2}}},"3":{"name":"setOracleBorrowRates","line":32,"loc":{"start":{"line":28,"column":2},"end":{"line":39,"column":2}}},"4":{"name":"setOracleOwnership","line":41,"loc":{"start":{"line":41,"column":2},"end":{"line":45,"column":2}}}},"statementMap":{"1":{"start":{"line":16,"column":4},"end":{"line":16,"column":15}},"2":{"start":{"line":17,"column":4},"end":{"line":17,"column":41}},"3":{"start":{"line":21,"column":4},"end":{"line":21,"column":69}},"4":{"start":{"line":22,"column":4},"end":{"line":22,"column":62}},"5":{"start":{"line":23,"column":4},"end":{"line":23,"column":981}},"6":{"start":{"line":24,"column":6},"end":{"line":24,"column":94}},"7":{"start":{"line":33,"column":4},"end":{"line":33,"column":67}},"8":{"start":{"line":35,"column":4},"end":{"line":35,"column":1347}},"9":{"start":{"line":37,"column":6},"end":{"line":37,"column":64}},"10":{"start":{"line":42,"column":4},"end":{"line":42,"column":56}},"11":{"start":{"line":43,"column":4},"end":{"line":43,"column":78}},"12":{"start":{"line":44,"column":4},"end":{"line":44,"column":46}}},"branchMap":{"1":{"line":21,"type":"if","locations":[{"start":{"line":21,"column":4},"end":{"line":21,"column":4}},{"start":{"line":21,"column":4},"end":{"line":21,"column":4}}]},"2":{"line":22,"type":"if","locations":[{"start":{"line":22,"column":4},"end":{"line":22,"column":4}},{"start":{"line":22,"column":4},"end":{"line":22,"column":4}}]},"3":{"line":33,"type":"if","locations":[{"start":{"line":33,"column":4},"end":{"line":33,"column":4}},{"start":{"line":33,"column":4},"end":{"line":33,"column":4}}]},"4":{"line":42,"type":"if","locations":[{"start":{"line":42,"column":4},"end":{"line":42,"column":4}},{"start":{"line":42,"column":4},"end":{"line":42,"column":4}}]},"5":{"line":43,"type":"if","locations":[{"start":{"line":43,"column":4},"end":{"line":43,"column":4}},{"start":{"line":43,"column":4},"end":{"line":43,"column":4}}]}}},"contracts/deployments/StringLib.sol":{"l":{"6":0},"path":"/Users/stevenvaleri/Desktop/projects/aave/aave-v3-core/contracts/deployments/StringLib.sol","s":{"1":0},"b":{},"f":{"1":0},"fnMap":{"1":{"name":"concat","line":5,"loc":{"start":{"line":5,"column":2},"end":{"line":7,"column":2}}}},"statementMap":{"1":{"start":{"line":6,"column":4},"end":{"line":6,"column":41}}},"branchMap":{}},"contracts/flashloan/base/FlashLoanReceiverBase.sol":{"l":{"19":0,"20":0},"path":"/Users/stevenvaleri/Desktop/projects/aave/aave-v3-core/contracts/flashloan/base/FlashLoanReceiverBase.sol","s":{"1":0,"2":0},"b":{},"f":{"1":0},"fnMap":{"1":{"name":"constructor","line":18,"loc":{"start":{"line":18,"column":2},"end":{"line":21,"column":2}}}},"statementMap":{"1":{"start":{"line":19,"column":4},"end":{"line":19,"column":32}},"2":{"start":{"line":20,"column":4},"end":{"line":20,"column":35}}},"branchMap":{}},"contracts/flashloan/interfaces/IFlashLoanReceiver.sol":{"l":{},"path":"/Users/stevenvaleri/Desktop/projects/aave/aave-v3-core/contracts/flashloan/interfaces/IFlashLoanReceiver.sol","s":{},"b":{},"f":{},"fnMap":{},"statementMap":{},"branchMap":{}},"contracts/misc/AaveOracle.sol":{"l":{"44":0,"45":0,"46":0,"47":0,"48":0,"58":0,"65":0,"72":0,"73":0,"74":0,"75":0,"82":0,"83":0,"89":0,"91":0,"92":0,"94":0,"96":0,"97":0,"98":0,"100":0,"108":0,"109":0,"110":0,"112":0,"119":0,"125":0},"path":"/Users/stevenvaleri/Desktop/projects/aave/aave-v3-core/contracts/misc/AaveOracle.sol","s":{"1":0,"2":0,"3":0,"4":0,"5":0,"6":0,"7":0,"8":0,"9":0,"10":0,"11":0,"12":0,"13":0,"14":0,"15":0,"16":0,"17":0,"18":0,"19":0,"20":0,"21":0,"22":0,"23":0,"24":0,"25":0,"26":0,"27":0,"28":0},"b":{"1":[0,0],"2":[0,0],"3":[0,0],"4":[0,0]},"f":{"1":0,"2":0,"3":0,"4":0,"5":0,"6":0,"7":0,"8":0,"9":0},"fnMap":{"1":{"name":"constructor","line":37,"loc":{"start":{"line":37,"column":2},"end":{"line":49,"column":2}}},"2":{"name":"setAssetSources","line":56,"loc":{"start":{"line":54,"column":2},"end":{"line":59,"column":2}}},"3":{"name":"setFallbackOracle","line":64,"loc":{"start":{"line":64,"column":2},"end":{"line":66,"column":2}}},"4":{"name":"_setAssetsSources","line":71,"loc":{"start":{"line":71,"column":2},"end":{"line":77,"column":2}}},"5":{"name":"_setFallbackOracle","line":81,"loc":{"start":{"line":81,"column":2},"end":{"line":84,"column":2}}},"6":{"name":"getAssetPrice","line":88,"loc":{"start":{"line":88,"column":2},"end":{"line":103,"column":2}}},"7":{"name":"getAssetsPrices","line":107,"loc":{"start":{"line":107,"column":2},"end":{"line":113,"column":2}}},"8":{"name":"getSourceOfAsset","line":118,"loc":{"start":{"line":118,"column":2},"end":{"line":120,"column":2}}},"9":{"name":"getFallbackOracle","line":124,"loc":{"start":{"line":124,"column":2},"end":{"line":126,"column":2}}}},"statementMap":{"1":{"start":{"line":44,"column":4},"end":{"line":44,"column":37}},"2":{"start":{"line":45,"column":4},"end":{"line":45,"column":37}},"3":{"start":{"line":46,"column":4},"end":{"line":46,"column":31}},"4":{"start":{"line":47,"column":4},"end":{"line":47,"column":40}},"5":{"start":{"line":48,"column":4},"end":{"line":48,"column":56}},"6":{"start":{"line":58,"column":4},"end":{"line":58,"column":37}},"7":{"start":{"line":65,"column":4},"end":{"line":65,"column":37}},"8":{"start":{"line":72,"column":4},"end":{"line":72,"column":73}},"9":{"start":{"line":73,"column":4},"end":{"line":73,"column":3178}},"10":{"start":{"line":74,"column":6},"end":{"line":74,"column":64}},"11":{"start":{"line":75,"column":6},"end":{"line":75,"column":52}},"12":{"start":{"line":82,"column":4},"end":{"line":82,"column":55}},"13":{"start":{"line":83,"column":4},"end":{"line":83,"column":46}},"14":{"start":{"line":89,"column":4},"end":{"line":89,"column":54}},"15":{"start":{"line":91,"column":4},"end":{"line":91,"column":3876}},"16":{"start":{"line":92,"column":6},"end":{"line":92,"column":31}},"17":{"start":{"line":93,"column":11},"end":{"line":93,"column":3950}},"18":{"start":{"line":94,"column":6},"end":{"line":94,"column":49}},"19":{"start":{"line":96,"column":6},"end":{"line":96,"column":64}},"20":{"start":{"line":97,"column":6},"end":{"line":97,"column":4125}},"21":{"start":{"line":98,"column":8},"end":{"line":98,"column":29}},"22":{"start":{"line":100,"column":8},"end":{"line":100,"column":51}},"23":{"start":{"line":108,"column":4},"end":{"line":108,"column":58}},"24":{"start":{"line":109,"column":4},"end":{"line":109,"column":4536}},"25":{"start":{"line":110,"column":6},"end":{"line":110,"column":41}},"26":{"start":{"line":112,"column":4},"end":{"line":112,"column":17}},"27":{"start":{"line":119,"column":4},"end":{"line":119,"column":40}},"28":{"start":{"line":125,"column":4},"end":{"line":125,"column":35}}},"branchMap":{"1":{"line":72,"type":"if","locations":[{"start":{"line":72,"column":4},"end":{"line":72,"column":4}},{"start":{"line":72,"column":4},"end":{"line":72,"column":4}}]},"2":{"line":91,"type":"if","locations":[{"start":{"line":91,"column":4},"end":{"line":91,"column":4}},{"start":{"line":91,"column":4},"end":{"line":91,"column":4}}]},"3":{"line":93,"type":"if","locations":[{"start":{"line":93,"column":11},"end":{"line":93,"column":11}},{"start":{"line":93,"column":11},"end":{"line":93,"column":11}}]},"4":{"line":97,"type":"if","locations":[{"start":{"line":97,"column":6},"end":{"line":97,"column":6}},{"start":{"line":97,"column":6},"end":{"line":97,"column":6}}]}}},"contracts/misc/AaveProtocolDataProvider.sol":{"l":{"28":0,"32":0,"33":0,"34":0,"35":0,"36":0,"37":0,"38":0,"40":0,"41":0,"42":0,"44":0,"49":0,"53":0,"54":0,"55":0,"56":0,"57":0,"58":0,"63":0,"83":0,"86":0,"89":0,"92":0,"100":0,"106":0,"127":0,"130":0,"159":0,"162":0,"165":0,"166":0,"167":0,"168":0,"169":0,"170":0,"171":0,"172":0,"175":0,"187":0,"190":0},"path":"/Users/stevenvaleri/Desktop/projects/aave/aave-v3-core/contracts/misc/AaveProtocolDataProvider.sol","s":{"1":0,"2":0,"3":0,"4":0,"5":0,"6":0,"7":0,"8":0,"9":0,"10":0,"11":0,"12":0,"13":0,"14":0,"15":0,"16":0,"17":0,"18":0,"19":0,"20":0,"21":0,"22":0,"23":0,"24":0,"25":0,"26":0,"27":0,"28":0,"29":0,"30":0,"31":0,"32":0,"33":0,"34":0,"35":0,"36":0,"37":0,"38":0,"39":0},"b":{"1":[0,0],"2":[0,0]},"f":{"1":0,"2":0,"3":0,"4":0,"5":0,"6":0,"7":0,"8":0,"9":0},"fnMap":{"1":{"name":"constructor","line":27,"loc":{"start":{"line":27,"column":2},"end":{"line":29,"column":2}}},"2":{"name":"getAllReservesTokens","line":31,"loc":{"start":{"line":31,"column":2},"end":{"line":50,"column":2}}},"3":{"name":"getAllATokens","line":52,"loc":{"start":{"line":52,"column":2},"end":{"line":64,"column":2}}},"4":{"name":"getReserveConfigurationData","line":67,"loc":{"start":{"line":67,"column":2},"end":{"line":93,"column":2}}},"5":{"name":"getReserveCaps","line":95,"loc":{"start":{"line":95,"column":2},"end":{"line":103,"column":2}}},"6":{"name":"getPaused","line":105,"loc":{"start":{"line":105,"column":2},"end":{"line":109,"column":2}}},"7":{"name":"getReserveData","line":111,"loc":{"start":{"line":111,"column":2},"end":{"line":142,"column":2}}},"8":{"name":"getUserReserveData","line":144,"loc":{"start":{"line":144,"column":2},"end":{"line":176,"column":2}}},"9":{"name":"getReserveTokensAddresses","line":178,"loc":{"start":{"line":178,"column":2},"end":{"line":195,"column":2}}}},"statementMap":{"1":{"start":{"line":28,"column":4},"end":{"line":28,"column":41}},"2":{"start":{"line":32,"column":4},"end":{"line":32,"column":52}},"3":{"start":{"line":33,"column":4},"end":{"line":33,"column":54}},"4":{"start":{"line":34,"column":4},"end":{"line":34,"column":72}},"5":{"start":{"line":35,"column":4},"end":{"line":35,"column":1509}},"6":{"start":{"line":36,"column":6},"end":{"line":36,"column":1565}},"7":{"start":{"line":37,"column":8},"end":{"line":37,"column":80}},"8":{"start":{"line":40,"column":6},"end":{"line":40,"column":1706}},"9":{"start":{"line":41,"column":8},"end":{"line":41,"column":80}},"10":{"start":{"line":44,"column":6},"end":{"line":44,"column":1848}},"11":{"start":{"line":49,"column":4},"end":{"line":49,"column":25}},"12":{"start":{"line":53,"column":4},"end":{"line":53,"column":52}},"13":{"start":{"line":54,"column":4},"end":{"line":54,"column":54}},"14":{"start":{"line":55,"column":4},"end":{"line":55,"column":65}},"15":{"start":{"line":56,"column":4},"end":{"line":56,"column":2266}},"16":{"start":{"line":57,"column":6},"end":{"line":57,"column":81}},"17":{"start":{"line":58,"column":6},"end":{"line":58,"column":2406}},"18":{"start":{"line":63,"column":4},"end":{"line":63,"column":18}},"19":{"start":{"line":83,"column":4},"end":{"line":83,"column":3109}},"20":{"start":{"line":86,"column":4},"end":{"line":86,"column":3196}},"21":{"start":{"line":89,"column":4},"end":{"line":89,"column":3313}},"22":{"start":{"line":92,"column":4},"end":{"line":92,"column":54}},"23":{"start":{"line":100,"column":4},"end":{"line":100,"column":3604}},"24":{"start":{"line":106,"column":4},"end":{"line":106,"column":3806}},"25":{"start":{"line":127,"column":4},"end":{"line":127,"column":4386}},"26":{"start":{"line":130,"column":4},"end":{"line":130,"column":4437}},"27":{"start":{"line":159,"column":4},"end":{"line":159,"column":5425}},"28":{"start":{"line":162,"column":4},"end":{"line":162,"column":5539}},"29":{"start":{"line":165,"column":4},"end":{"line":165,"column":79}},"30":{"start":{"line":166,"column":4},"end":{"line":166,"column":89}},"31":{"start":{"line":167,"column":4},"end":{"line":167,"column":85}},"32":{"start":{"line":168,"column":4},"end":{"line":168,"column":98}},"33":{"start":{"line":169,"column":4},"end":{"line":169,"column":98}},"34":{"start":{"line":170,"column":4},"end":{"line":170,"column":47}},"35":{"start":{"line":171,"column":4},"end":{"line":171,"column":94}},"36":{"start":{"line":172,"column":4},"end":{"line":172,"column":6212}},"37":{"start":{"line":175,"column":4},"end":{"line":175,"column":72}},"38":{"start":{"line":187,"column":4},"end":{"line":187,"column":6670}},"39":{"start":{"line":190,"column":4},"end":{"line":190,"column":6721}}},"branchMap":{"1":{"line":36,"type":"if","locations":[{"start":{"line":36,"column":6},"end":{"line":36,"column":6}},{"start":{"line":36,"column":6},"end":{"line":36,"column":6}}]},"2":{"line":40,"type":"if","locations":[{"start":{"line":40,"column":6},"end":{"line":40,"column":6}},{"start":{"line":40,"column":6},"end":{"line":40,"column":6}}]}}},"contracts/misc/interfaces/IUniswapV2Router01.sol":{"l":{},"path":"/Users/stevenvaleri/Desktop/projects/aave/aave-v3-core/contracts/misc/interfaces/IUniswapV2Router01.sol","s":{},"b":{},"f":{},"fnMap":{},"statementMap":{},"branchMap":{}},"contracts/misc/interfaces/IUniswapV2Router02.sol":{"l":{},"path":"/Users/stevenvaleri/Desktop/projects/aave/aave-v3-core/contracts/misc/interfaces/IUniswapV2Router02.sol","s":{},"b":{},"f":{},"fnMap":{},"statementMap":{},"branchMap":{}},"contracts/misc/interfaces/IWETH.sol":{"l":{},"path":"/Users/stevenvaleri/Desktop/projects/aave/aave-v3-core/contracts/misc/interfaces/IWETH.sol","s":{},"b":{},"f":{},"fnMap":{},"statementMap":{},"branchMap":{}},"contracts/protocol/configuration/PoolAddressesProvider.sol":{"l":{"32":0,"40":0,"48":0,"65":0,"66":0,"76":0,"77":0,"85":0,"93":0,"102":0,"103":0,"111":0,"120":0,"121":0,"130":0,"134":0,"135":0,"139":0,"143":0,"144":0,"148":0,"152":0,"153":0,"157":0,"161":0,"162":0,"175":0,"177":0,"179":0,"181":0,"182":0,"183":0,"184":0,"185":0,"187":0,"192":0,"193":0},"path":"/Users/stevenvaleri/Desktop/projects/aave/aave-v3-core/contracts/protocol/configuration/PoolAddressesProvider.sol","s":{"1":0,"2":0,"3":0,"4":0,"5":0,"6":0,"7":0,"8":0,"9":0,"10":0,"11":0,"12":0,"13":0,"14":0,"15":0,"16":0,"17":0,"18":0,"19":0,"20":0,"21":0,"22":0,"23":0,"24":0,"25":0,"26":0,"27":0,"28":0,"29":0,"30":0,"31":0,"32":0,"33":0,"34":0,"35":0,"36":0,"37":0},"b":{"1":[0,0]},"f":{"1":0,"2":0,"3":0,"4":0,"5":0,"6":0,"7":0,"8":0,"9":0,"10":0,"11":0,"12":0,"13":0,"14":0,"15":0,"16":0,"17":0,"18":0,"19":0,"20":0},"fnMap":{"1":{"name":"constructor","line":31,"loc":{"start":{"line":31,"column":2},"end":{"line":33,"column":2}}},"2":{"name":"getMarketId","line":39,"loc":{"start":{"line":39,"column":2},"end":{"line":41,"column":2}}},"3":{"name":"setMarketId","line":47,"loc":{"start":{"line":47,"column":2},"end":{"line":49,"column":2}}},"4":{"name":"setAddressAsProxy","line":63,"loc":{"start":{"line":60,"column":2},"end":{"line":67,"column":2}}},"5":{"name":"setAddress","line":75,"loc":{"start":{"line":75,"column":2},"end":{"line":78,"column":2}}},"6":{"name":"getAddress","line":84,"loc":{"start":{"line":84,"column":2},"end":{"line":86,"column":2}}},"7":{"name":"getPool","line":92,"loc":{"start":{"line":92,"column":2},"end":{"line":94,"column":2}}},"8":{"name":"setPoolImpl","line":101,"loc":{"start":{"line":101,"column":2},"end":{"line":104,"column":2}}},"9":{"name":"getPoolConfigurator","line":110,"loc":{"start":{"line":110,"column":2},"end":{"line":112,"column":2}}},"10":{"name":"setPoolConfiguratorImpl","line":119,"loc":{"start":{"line":119,"column":2},"end":{"line":122,"column":2}}},"11":{"name":"getPoolAdmin","line":129,"loc":{"start":{"line":129,"column":2},"end":{"line":131,"column":2}}},"12":{"name":"setPoolAdmin","line":133,"loc":{"start":{"line":133,"column":2},"end":{"line":136,"column":2}}},"13":{"name":"getEmergencyAdmin","line":138,"loc":{"start":{"line":138,"column":2},"end":{"line":140,"column":2}}},"14":{"name":"setEmergencyAdmin","line":142,"loc":{"start":{"line":142,"column":2},"end":{"line":145,"column":2}}},"15":{"name":"getPriceOracle","line":147,"loc":{"start":{"line":147,"column":2},"end":{"line":149,"column":2}}},"16":{"name":"setPriceOracle","line":151,"loc":{"start":{"line":151,"column":2},"end":{"line":154,"column":2}}},"17":{"name":"getRateOracle","line":156,"loc":{"start":{"line":156,"column":2},"end":{"line":158,"column":2}}},"18":{"name":"setRateOracle","line":160,"loc":{"start":{"line":160,"column":2},"end":{"line":163,"column":2}}},"19":{"name":"_updateImpl","line":174,"loc":{"start":{"line":174,"column":2},"end":{"line":189,"column":2}}},"20":{"name":"_setMarketId","line":191,"loc":{"start":{"line":191,"column":2},"end":{"line":194,"column":2}}}},"statementMap":{"1":{"start":{"line":32,"column":4},"end":{"line":32,"column":25}},"2":{"start":{"line":40,"column":4},"end":{"line":40,"column":20}},"3":{"start":{"line":48,"column":4},"end":{"line":48,"column":25}},"4":{"start":{"line":65,"column":4},"end":{"line":65,"column":41}},"5":{"start":{"line":66,"column":4},"end":{"line":66,"column":52}},"6":{"start":{"line":76,"column":4},"end":{"line":76,"column":30}},"7":{"start":{"line":77,"column":4},"end":{"line":77,"column":42}},"8":{"start":{"line":85,"column":4},"end":{"line":85,"column":25}},"9":{"start":{"line":93,"column":4},"end":{"line":93,"column":27}},"10":{"start":{"line":102,"column":4},"end":{"line":102,"column":26}},"11":{"start":{"line":103,"column":4},"end":{"line":103,"column":26}},"12":{"start":{"line":111,"column":4},"end":{"line":111,"column":40}},"13":{"start":{"line":120,"column":4},"end":{"line":120,"column":47}},"14":{"start":{"line":121,"column":4},"end":{"line":121,"column":46}},"15":{"start":{"line":130,"column":4},"end":{"line":130,"column":33}},"16":{"start":{"line":134,"column":4},"end":{"line":134,"column":33}},"17":{"start":{"line":135,"column":4},"end":{"line":135,"column":41}},"18":{"start":{"line":139,"column":4},"end":{"line":139,"column":38}},"19":{"start":{"line":143,"column":4},"end":{"line":143,"column":47}},"20":{"start":{"line":144,"column":4},"end":{"line":144,"column":46}},"21":{"start":{"line":148,"column":4},"end":{"line":148,"column":35}},"22":{"start":{"line":152,"column":4},"end":{"line":152,"column":41}},"23":{"start":{"line":153,"column":4},"end":{"line":153,"column":40}},"24":{"start":{"line":157,"column":4},"end":{"line":157,"column":34}},"25":{"start":{"line":161,"column":4},"end":{"line":161,"column":39}},"26":{"start":{"line":162,"column":4},"end":{"line":162,"column":38}},"27":{"start":{"line":175,"column":4},"end":{"line":175,"column":58}},"28":{"start":{"line":177,"column":4},"end":{"line":177,"column":6395}},"29":{"start":{"line":179,"column":4},"end":{"line":179,"column":87}},"30":{"start":{"line":181,"column":4},"end":{"line":181,"column":6550}},"31":{"start":{"line":182,"column":6},"end":{"line":182,"column":78}},"32":{"start":{"line":183,"column":6},"end":{"line":183,"column":41}},"33":{"start":{"line":184,"column":6},"end":{"line":184,"column":36}},"34":{"start":{"line":185,"column":6},"end":{"line":185,"column":43}},"35":{"start":{"line":187,"column":6},"end":{"line":187,"column":47}},"36":{"start":{"line":192,"column":4},"end":{"line":192,"column":23}},"37":{"start":{"line":193,"column":4},"end":{"line":193,"column":30}}},"branchMap":{"1":{"line":181,"type":"if","locations":[{"start":{"line":181,"column":4},"end":{"line":181,"column":4}},{"start":{"line":181,"column":4},"end":{"line":181,"column":4}}]}}},"contracts/protocol/configuration/PoolAddressesProviderRegistry.sol":{"l":{"25":0,"27":0,"29":0,"31":0,"32":0,"33":0,"37":0,"46":0,"48":0,"49":0,"50":0,"58":0,"59":0,"60":0,"73":0,"77":0,"79":0,"80":0,"81":0,"85":0},"path":"/Users/stevenvaleri/Desktop/projects/aave/aave-v3-core/contracts/protocol/configuration/PoolAddressesProviderRegistry.sol","s":{"1":0,"2":0,"3":0,"4":0,"5":0,"6":0,"7":0,"8":0,"9":0,"10":0,"11":0,"12":0,"13":0,"14":0,"15":0,"16":0,"17":0,"18":0,"19":0,"20":0},"b":{"1":[0,0],"2":[0,0],"3":[0,0],"4":[0,0]},"f":{"1":0,"2":0,"3":0,"4":0,"5":0},"fnMap":{"1":{"name":"getAddressesProvidersList","line":24,"loc":{"start":{"line":24,"column":2},"end":{"line":38,"column":2}}},"2":{"name":"registerAddressesProvider","line":45,"loc":{"start":{"line":45,"column":2},"end":{"line":51,"column":2}}},"3":{"name":"unregisterAddressesProvider","line":57,"loc":{"start":{"line":57,"column":2},"end":{"line":61,"column":2}}},"4":{"name":"getAddressesProviderIdByAddress","line":67,"loc":{"start":{"line":67,"column":2},"end":{"line":74,"column":2}}},"5":{"name":"_addToAddressesProvidersList","line":76,"loc":{"start":{"line":76,"column":2},"end":{"line":86,"column":2}}}},"statementMap":{"1":{"start":{"line":25,"column":4},"end":{"line":25,"column":69}},"2":{"start":{"line":27,"column":4},"end":{"line":27,"column":53}},"3":{"start":{"line":29,"column":4},"end":{"line":29,"column":63}},"4":{"start":{"line":31,"column":4},"end":{"line":31,"column":1328}},"5":{"start":{"line":32,"column":6},"end":{"line":32,"column":1378}},"6":{"start":{"line":33,"column":8},"end":{"line":33,"column":53}},"7":{"start":{"line":37,"column":4},"end":{"line":37,"column":26}},"8":{"start":{"line":46,"column":4},"end":{"line":46,"column":62}},"9":{"start":{"line":48,"column":4},"end":{"line":48,"column":37}},"10":{"start":{"line":49,"column":4},"end":{"line":49,"column":41}},"11":{"start":{"line":50,"column":4},"end":{"line":50,"column":46}},"12":{"start":{"line":58,"column":4},"end":{"line":58,"column":82}},"13":{"start":{"line":59,"column":4},"end":{"line":59,"column":36}},"14":{"start":{"line":60,"column":4},"end":{"line":60,"column":48}},"15":{"start":{"line":73,"column":4},"end":{"line":73,"column":49}},"16":{"start":{"line":77,"column":4},"end":{"line":77,"column":59}},"17":{"start":{"line":79,"column":4},"end":{"line":79,"column":2946}},"18":{"start":{"line":80,"column":6},"end":{"line":80,"column":3001}},"19":{"start":{"line":81,"column":8},"end":{"line":81,"column":14}},"20":{"start":{"line":85,"column":4},"end":{"line":85,"column":41}}},"branchMap":{"1":{"line":32,"type":"if","locations":[{"start":{"line":32,"column":6},"end":{"line":32,"column":6}},{"start":{"line":32,"column":6},"end":{"line":32,"column":6}}]},"2":{"line":46,"type":"if","locations":[{"start":{"line":46,"column":4},"end":{"line":46,"column":4}},{"start":{"line":46,"column":4},"end":{"line":46,"column":4}}]},"3":{"line":58,"type":"if","locations":[{"start":{"line":58,"column":4},"end":{"line":58,"column":4}},{"start":{"line":58,"column":4},"end":{"line":58,"column":4}}]},"4":{"line":80,"type":"if","locations":[{"start":{"line":80,"column":6},"end":{"line":80,"column":6}},{"start":{"line":80,"column":6},"end":{"line":80,"column":6}}]}}},"contracts/protocol/libraries/aave-upgradeability/BaseImmutableAdminUpgradeabilityProxy.sol":{"l":{"20":0,"24":0,"25":0,"27":0,"35":0,"42":0,"51":0,"68":0,"69":0,"70":0,"77":0,"78":0},"path":"/Users/stevenvaleri/Desktop/projects/aave/aave-v3-core/contracts/protocol/libraries/aave-upgradeability/BaseImmutableAdminUpgradeabilityProxy.sol","s":{"1":0,"2":0,"3":0,"4":0,"5":0,"6":0,"7":0,"8":0,"9":0,"10":0,"11":0},"b":{"1":[0,0],"2":[0,0],"3":[0,0]},"f":{"1":0,"2":0,"3":0,"4":0,"5":0,"6":0,"7":0},"fnMap":{"1":{"name":"constructor","line":19,"loc":{"start":{"line":19,"column":2},"end":{"line":21,"column":2}}},"2":{"name":"ifAdmin","line":23,"loc":{"start":{"line":23,"column":2},"end":{"line":29,"column":2}}},"3":{"name":"admin","line":34,"loc":{"start":{"line":34,"column":2},"end":{"line":36,"column":2}}},"4":{"name":"implementation","line":41,"loc":{"start":{"line":41,"column":2},"end":{"line":43,"column":2}}},"5":{"name":"upgradeTo","line":50,"loc":{"start":{"line":50,"column":2},"end":{"line":52,"column":2}}},"6":{"name":"upgradeToAndCall","line":66,"loc":{"start":{"line":63,"column":2},"end":{"line":71,"column":2}}},"7":{"name":"_willFallback","line":76,"loc":{"start":{"line":76,"column":2},"end":{"line":79,"column":2}}}},"statementMap":{"1":{"start":{"line":20,"column":4},"end":{"line":20,"column":16}},"2":{"start":{"line":24,"column":4},"end":{"line":24,"column":878}},"3":{"start":{"line":27,"column":6},"end":{"line":27,"column":16}},"4":{"start":{"line":35,"column":4},"end":{"line":35,"column":16}},"5":{"start":{"line":42,"column":4},"end":{"line":42,"column":28}},"6":{"start":{"line":51,"column":4},"end":{"line":51,"column":32}},"7":{"start":{"line":68,"column":4},"end":{"line":68,"column":32}},"8":{"start":{"line":69,"column":4},"end":{"line":69,"column":59}},"9":{"start":{"line":70,"column":4},"end":{"line":70,"column":19}},"10":{"start":{"line":77,"column":4},"end":{"line":77,"column":85}},"11":{"start":{"line":78,"column":4},"end":{"line":78,"column":24}}},"branchMap":{"1":{"line":24,"type":"if","locations":[{"start":{"line":24,"column":4},"end":{"line":24,"column":4}},{"start":{"line":24,"column":4},"end":{"line":24,"column":4}}]},"2":{"line":70,"type":"if","locations":[{"start":{"line":70,"column":4},"end":{"line":70,"column":4}},{"start":{"line":70,"column":4},"end":{"line":70,"column":4}}]},"3":{"line":77,"type":"if","locations":[{"start":{"line":77,"column":4},"end":{"line":77,"column":4}},{"start":{"line":77,"column":4},"end":{"line":77,"column":4}}]}}},"contracts/protocol/libraries/aave-upgradeability/InitializableImmutableAdminUpgradeabilityProxy.sol":{"l":{"21":0},"path":"/Users/stevenvaleri/Desktop/projects/aave/aave-v3-core/contracts/protocol/libraries/aave-upgradeability/InitializableImmutableAdminUpgradeabilityProxy.sol","s":{"1":0},"b":{},"f":{"1":0,"2":0},"fnMap":{"1":{"name":"constructor","line":15,"loc":{"start":{"line":15,"column":2},"end":{"line":15,"column":82}}},"2":{"name":"_willFallback","line":20,"loc":{"start":{"line":20,"column":2},"end":{"line":22,"column":2}}}},"statementMap":{"1":{"start":{"line":21,"column":4},"end":{"line":21,"column":56}}},"branchMap":{}},"contracts/protocol/libraries/aave-upgradeability/VersionedInitializable.sol":{"l":{"33":0,"34":0,"39":0,"40":0,"41":0,"42":0,"45":0,"47":0,"48":0,"67":0,"69":0,"72":0},"path":"/Users/stevenvaleri/Desktop/projects/aave/aave-v3-core/contracts/protocol/libraries/aave-upgradeability/VersionedInitializable.sol","s":{"1":0,"2":0,"3":0,"4":0,"5":0,"6":0,"7":0,"8":0,"9":0,"10":0},"b":{"1":[0,0],"2":[0,0],"3":[0,0]},"f":{"1":0,"2":0},"fnMap":{"1":{"name":"initializer","line":32,"loc":{"start":{"line":32,"column":2},"end":{"line":50,"column":2}}},"2":{"name":"isConstructor","line":61,"loc":{"start":{"line":61,"column":2},"end":{"line":73,"column":2}}}},"statementMap":{"1":{"start":{"line":33,"column":4},"end":{"line":33,"column":36}},"2":{"start":{"line":34,"column":4},"end":{"line":34,"column":1204}},"3":{"start":{"line":39,"column":4},"end":{"line":39,"column":39}},"4":{"start":{"line":40,"column":4},"end":{"line":40,"column":1398}},"5":{"start":{"line":41,"column":6},"end":{"line":41,"column":24}},"6":{"start":{"line":42,"column":6},"end":{"line":42,"column":39}},"7":{"start":{"line":47,"column":4},"end":{"line":47,"column":1508}},"8":{"start":{"line":48,"column":6},"end":{"line":48,"column":25}},"9":{"start":{"line":67,"column":4},"end":{"line":67,"column":14}},"10":{"start":{"line":72,"column":4},"end":{"line":72,"column":18}}},"branchMap":{"1":{"line":34,"type":"if","locations":[{"start":{"line":34,"column":4},"end":{"line":34,"column":4}},{"start":{"line":34,"column":4},"end":{"line":34,"column":4}}]},"2":{"line":40,"type":"if","locations":[{"start":{"line":40,"column":4},"end":{"line":40,"column":4}},{"start":{"line":40,"column":4},"end":{"line":40,"column":4}}]},"3":{"line":47,"type":"if","locations":[{"start":{"line":47,"column":4},"end":{"line":47,"column":4}},{"start":{"line":47,"column":4},"end":{"line":47,"column":4}}]}}},"contracts/protocol/libraries/configuration/ReserveConfiguration.sol":{"l":{"54":0,"56":0,"65":0,"78":0,"90":0,"92":0,"107":0,"119":0,"121":0,"136":0,"148":0,"150":0,"163":0,"176":0,"185":0,"196":0,"205":0,"216":0,"225":0,"236":0,"248":0,"263":0,"275":0,"290":0,"302":0,"304":0,"319":0,"332":0,"344":0,"346":0,"359":0,"371":0,"373":0,"386":0,"405":0,"407":0,"432":0,"434":0,"453":0,"455":0,"477":0,"496":0,"518":0,"537":0,"550":0},"path":"/Users/stevenvaleri/Desktop/projects/aave/aave-v3-core/contracts/protocol/libraries/configuration/ReserveConfiguration.sol","s":{"1":0,"2":0,"3":0,"4":0,"5":0,"6":0,"7":0,"8":0,"9":0,"10":0,"11":0,"12":0,"13":0,"14":0,"15":0,"16":0,"17":0,"18":0,"19":0,"20":0,"21":0,"22":0,"23":0,"24":0,"25":0,"26":0,"27":0,"28":0,"29":0,"30":0,"31":0,"32":0,"33":0,"34":0,"35":0,"36":0,"37":0,"38":0,"39":0,"40":0,"41":0,"42":0,"43":0,"44":0,"45":0},"b":{"1":[0,0],"2":[0,0],"3":[0,0],"4":[0,0],"5":[0,0],"6":[0,0],"7":[0,0]},"f":{"1":0,"2":0,"3":0,"4":0,"5":0,"6":0,"7":0,"8":0,"9":0,"10":0,"11":0,"12":0,"13":0,"14":0,"15":0,"16":0,"17":0,"18":0,"19":0,"20":0,"21":0,"22":0,"23":0,"24":0,"25":0,"26":0,"27":0,"28":0,"29":0,"30":0,"31":0,"32":0,"33":0,"34":0,"35":0},"fnMap":{"1":{"name":"setLtv","line":53,"loc":{"start":{"line":53,"column":2},"end":{"line":57,"column":2}}},"2":{"name":"getLtv","line":64,"loc":{"start":{"line":64,"column":2},"end":{"line":66,"column":2}}},"3":{"name":"getLtvMemory","line":73,"loc":{"start":{"line":73,"column":2},"end":{"line":79,"column":2}}},"4":{"name":"setLiquidationThreshold","line":86,"loc":{"start":{"line":86,"column":2},"end":{"line":95,"column":2}}},"5":{"name":"getLiquidationThreshold","line":102,"loc":{"start":{"line":102,"column":2},"end":{"line":108,"column":2}}},"6":{"name":"setLiquidationBonus","line":115,"loc":{"start":{"line":115,"column":2},"end":{"line":124,"column":2}}},"7":{"name":"getLiquidationBonus","line":131,"loc":{"start":{"line":131,"column":2},"end":{"line":137,"column":2}}},"8":{"name":"setDecimals","line":144,"loc":{"start":{"line":144,"column":2},"end":{"line":151,"column":2}}},"9":{"name":"getDecimals","line":158,"loc":{"start":{"line":158,"column":2},"end":{"line":164,"column":2}}},"10":{"name":"getDecimalsMemory","line":171,"loc":{"start":{"line":171,"column":2},"end":{"line":177,"column":2}}},"11":{"name":"setActive","line":184,"loc":{"start":{"line":184,"column":2},"end":{"line":188,"column":2}}},"12":{"name":"getActive","line":195,"loc":{"start":{"line":195,"column":2},"end":{"line":197,"column":2}}},"13":{"name":"setFrozen","line":204,"loc":{"start":{"line":204,"column":2},"end":{"line":208,"column":2}}},"14":{"name":"getFrozen","line":215,"loc":{"start":{"line":215,"column":2},"end":{"line":217,"column":2}}},"15":{"name":"setPaused","line":224,"loc":{"start":{"line":224,"column":2},"end":{"line":228,"column":2}}},"16":{"name":"getPaused","line":235,"loc":{"start":{"line":235,"column":2},"end":{"line":237,"column":2}}},"17":{"name":"setBorrowingEnabled","line":244,"loc":{"start":{"line":244,"column":2},"end":{"line":251,"column":2}}},"18":{"name":"getBorrowingEnabled","line":258,"loc":{"start":{"line":258,"column":2},"end":{"line":264,"column":2}}},"19":{"name":"setStableRateBorrowingEnabled","line":271,"loc":{"start":{"line":271,"column":2},"end":{"line":278,"column":2}}},"20":{"name":"getStableRateBorrowingEnabled","line":285,"loc":{"start":{"line":285,"column":2},"end":{"line":291,"column":2}}},"21":{"name":"setReserveFactor","line":298,"loc":{"start":{"line":298,"column":2},"end":{"line":307,"column":2}}},"22":{"name":"getReserveFactor","line":314,"loc":{"start":{"line":314,"column":2},"end":{"line":320,"column":2}}},"23":{"name":"getReserveFactorMemory","line":327,"loc":{"start":{"line":327,"column":2},"end":{"line":333,"column":2}}},"24":{"name":"setBorrowCap","line":340,"loc":{"start":{"line":340,"column":2},"end":{"line":347,"column":2}}},"25":{"name":"getBorrowCap","line":354,"loc":{"start":{"line":354,"column":2},"end":{"line":360,"column":2}}},"26":{"name":"setSupplyCap","line":367,"loc":{"start":{"line":367,"column":2},"end":{"line":374,"column":2}}},"27":{"name":"getSupplyCap","line":381,"loc":{"start":{"line":381,"column":2},"end":{"line":387,"column":2}}},"28":{"name":"getFlags","line":394,"loc":{"start":{"line":394,"column":2},"end":{"line":414,"column":2}}},"29":{"name":"getParams","line":421,"loc":{"start":{"line":421,"column":2},"end":{"line":441,"column":2}}},"30":{"name":"getCaps","line":448,"loc":{"start":{"line":448,"column":2},"end":{"line":459,"column":2}}},"31":{"name":"getParamsMemory","line":466,"loc":{"start":{"line":466,"column":2},"end":{"line":484,"column":2}}},"32":{"name":"getCapsMemory","line":491,"loc":{"start":{"line":491,"column":2},"end":{"line":500,"column":2}}},"33":{"name":"getFlagsMemory","line":507,"loc":{"start":{"line":507,"column":2},"end":{"line":525,"column":2}}},"34":{"name":"getSupplyCapMemory","line":532,"loc":{"start":{"line":532,"column":2},"end":{"line":538,"column":2}}},"35":{"name":"getBorrowCapMemory","line":545,"loc":{"start":{"line":545,"column":2},"end":{"line":551,"column":2}}}},"statementMap":{"1":{"start":{"line":54,"column":4},"end":{"line":54,"column":55}},"2":{"start":{"line":56,"column":4},"end":{"line":56,"column":43}},"3":{"start":{"line":65,"column":4},"end":{"line":65,"column":32}},"4":{"start":{"line":78,"column":4},"end":{"line":78,"column":32}},"5":{"start":{"line":90,"column":4},"end":{"line":90,"column":89}},"6":{"start":{"line":92,"column":4},"end":{"line":92,"column":4436}},"7":{"start":{"line":107,"column":4},"end":{"line":107,"column":96}},"8":{"start":{"line":119,"column":4},"end":{"line":119,"column":77}},"9":{"start":{"line":121,"column":4},"end":{"line":121,"column":5298}},"10":{"start":{"line":136,"column":4},"end":{"line":136,"column":88}},"11":{"start":{"line":148,"column":4},"end":{"line":148,"column":70}},"12":{"start":{"line":150,"column":4},"end":{"line":150,"column":94}},"13":{"start":{"line":163,"column":4},"end":{"line":163,"column":78}},"14":{"start":{"line":176,"column":4},"end":{"line":176,"column":78}},"15":{"start":{"line":185,"column":4},"end":{"line":185,"column":7214}},"16":{"start":{"line":196,"column":4},"end":{"line":196,"column":42}},"17":{"start":{"line":205,"column":4},"end":{"line":205,"column":7852}},"18":{"start":{"line":216,"column":4},"end":{"line":216,"column":42}},"19":{"start":{"line":225,"column":4},"end":{"line":225,"column":8490}},"20":{"start":{"line":236,"column":4},"end":{"line":236,"column":42}},"21":{"start":{"line":248,"column":4},"end":{"line":248,"column":9209}},"22":{"start":{"line":263,"column":4},"end":{"line":263,"column":45}},"23":{"start":{"line":275,"column":4},"end":{"line":275,"column":10007}},"24":{"start":{"line":290,"column":4},"end":{"line":290,"column":52}},"25":{"start":{"line":302,"column":4},"end":{"line":302,"column":87}},"26":{"start":{"line":304,"column":4},"end":{"line":304,"column":10853}},"27":{"start":{"line":319,"column":4},"end":{"line":319,"column":82}},"28":{"start":{"line":332,"column":4},"end":{"line":332,"column":82}},"29":{"start":{"line":344,"column":4},"end":{"line":344,"column":75}},"30":{"start":{"line":346,"column":4},"end":{"line":346,"column":91}},"31":{"start":{"line":359,"column":4},"end":{"line":359,"column":74}},"32":{"start":{"line":371,"column":4},"end":{"line":371,"column":75}},"33":{"start":{"line":373,"column":4},"end":{"line":373,"column":91}},"34":{"start":{"line":386,"column":4},"end":{"line":386,"column":74}},"35":{"start":{"line":405,"column":4},"end":{"line":405,"column":33}},"36":{"start":{"line":407,"column":4},"end":{"line":407,"column":13577}},"37":{"start":{"line":432,"column":4},"end":{"line":432,"column":33}},"38":{"start":{"line":434,"column":4},"end":{"line":434,"column":14284}},"39":{"start":{"line":453,"column":4},"end":{"line":453,"column":33}},"40":{"start":{"line":455,"column":4},"end":{"line":455,"column":15019}},"41":{"start":{"line":477,"column":4},"end":{"line":477,"column":15637}},"42":{"start":{"line":496,"column":4},"end":{"line":496,"column":16333}},"43":{"start":{"line":518,"column":4},"end":{"line":518,"column":16913}},"44":{"start":{"line":537,"column":4},"end":{"line":537,"column":74}},"45":{"start":{"line":550,"column":4},"end":{"line":550,"column":74}}},"branchMap":{"1":{"line":54,"type":"if","locations":[{"start":{"line":54,"column":4},"end":{"line":54,"column":4}},{"start":{"line":54,"column":4},"end":{"line":54,"column":4}}]},"2":{"line":90,"type":"if","locations":[{"start":{"line":90,"column":4},"end":{"line":90,"column":4}},{"start":{"line":90,"column":4},"end":{"line":90,"column":4}}]},"3":{"line":119,"type":"if","locations":[{"start":{"line":119,"column":4},"end":{"line":119,"column":4}},{"start":{"line":119,"column":4},"end":{"line":119,"column":4}}]},"4":{"line":148,"type":"if","locations":[{"start":{"line":148,"column":4},"end":{"line":148,"column":4}},{"start":{"line":148,"column":4},"end":{"line":148,"column":4}}]},"5":{"line":302,"type":"if","locations":[{"start":{"line":302,"column":4},"end":{"line":302,"column":4}},{"start":{"line":302,"column":4},"end":{"line":302,"column":4}}]},"6":{"line":344,"type":"if","locations":[{"start":{"line":344,"column":4},"end":{"line":344,"column":4}},{"start":{"line":344,"column":4},"end":{"line":344,"column":4}}]},"7":{"line":371,"type":"if","locations":[{"start":{"line":371,"column":4},"end":{"line":371,"column":4}},{"start":{"line":371,"column":4},"end":{"line":371,"column":4}}]}}},"contracts/protocol/libraries/configuration/UserConfiguration.sol":{"l":{"27":0,"46":0,"64":0,"81":0,"98":0,"110":0,"119":0},"path":"/Users/stevenvaleri/Desktop/projects/aave/aave-v3-core/contracts/protocol/libraries/configuration/UserConfiguration.sol","s":{"1":0,"2":0},"b":{},"f":{"1":0,"2":0,"3":0,"4":0,"5":0,"6":0,"7":0},"fnMap":{"1":{"name":"setBorrowing","line":22,"loc":{"start":{"line":22,"column":2},"end":{"line":33,"column":2}}},"2":{"name":"setUsingAsCollateral","line":41,"loc":{"start":{"line":41,"column":2},"end":{"line":52,"column":2}}},"3":{"name":"isUsingAsCollateralOrBorrowing","line":60,"loc":{"start":{"line":60,"column":2},"end":{"line":68,"column":2}}},"4":{"name":"isBorrowing","line":76,"loc":{"start":{"line":76,"column":2},"end":{"line":85,"column":2}}},"5":{"name":"isUsingAsCollateral","line":93,"loc":{"start":{"line":93,"column":2},"end":{"line":102,"column":2}}},"6":{"name":"isBorrowingAny","line":109,"loc":{"start":{"line":109,"column":2},"end":{"line":111,"column":2}}},"7":{"name":"isEmpty","line":118,"loc":{"start":{"line":118,"column":2},"end":{"line":120,"column":2}}}},"statementMap":{"1":{"start":{"line":110,"column":4},"end":{"line":110,"column":42}},"2":{"start":{"line":119,"column":4},"end":{"line":119,"column":25}}},"branchMap":{}},"contracts/protocol/libraries/helpers/Errors.sol":{"l":{},"path":"/Users/stevenvaleri/Desktop/projects/aave/aave-v3-core/contracts/protocol/libraries/helpers/Errors.sol","s":{},"b":{},"f":{},"fnMap":{},"statementMap":{},"branchMap":{}},"contracts/protocol/libraries/helpers/Helpers.sol":{"l":{"23":0,"34":0},"path":"/Users/stevenvaleri/Desktop/projects/aave/aave-v3-core/contracts/protocol/libraries/helpers/Helpers.sol","s":{"1":0,"2":0},"b":{},"f":{"1":0,"2":0},"fnMap":{"1":{"name":"getUserCurrentDebt","line":18,"loc":{"start":{"line":18,"column":2},"end":{"line":27,"column":2}}},"2":{"name":"getUserCurrentDebtMemory","line":29,"loc":{"start":{"line":29,"column":2},"end":{"line":38,"column":2}}}},"statementMap":{"1":{"start":{"line":23,"column":4},"end":{"line":23,"column":620}},"2":{"start":{"line":34,"column":4},"end":{"line":34,"column":915}}},"branchMap":{}},"contracts/protocol/libraries/logic/BorrowLogic.sol":{"l":{"66":0,"67":0,"69":0,"71":0,"85":0,"86":0,"88":0,"89":0,"90":0,"96":0,"98":0,"104":0,"107":0,"108":0,"111":0,"118":0,"119":0,"122":0,"140":0,"141":0,"143":0,"145":0,"156":0,"159":0,"160":0,"163":0,"165":0,"166":0,"167":0,"169":0,"174":0,"177":0,"179":0,"180":0,"183":0,"185":0,"187":0,"189":0,"216":0,"218":0,"219":0,"221":0,"223":0,"224":0,"230":0,"231":0,"232":0,"235":0,"241":0,"252":0,"253":0,"254":0,"255":0,"256":0,"257":0,"260":0,"262":0,"265":0,"266":0,"268":0,"269":0,"274":0,"278":0,"285":0,"293":0,"311":0,"327":0,"329":0,"330":0,"331":0,"333":0,"342":0,"344":0,"345":0,"352":0,"354":0,"356":0,"365":0,"367":0,"369":0,"371":0,"380":0,"382":0,"383":0,"384":0,"390":0,"392":0,"397":0,"403":0,"406":0,"408":0},"path":"/Users/stevenvaleri/Desktop/projects/aave/aave-v3-core/contracts/protocol/libraries/logic/BorrowLogic.sol","s":{"1":0,"2":0,"3":0,"4":0,"5":0,"6":0,"7":0,"8":0,"9":0,"10":0,"11":0,"12":0,"13":0,"14":0,"15":0,"16":0,"17":0,"18":0,"19":0,"20":0,"21":0,"22":0,"23":0,"24":0,"25":0,"26":0,"27":0,"28":0,"29":0,"30":0,"31":0,"32":0,"33":0,"34":0,"35":0,"36":0,"37":0,"38":0,"39":0,"40":0,"41":0,"42":0,"43":0,"44":0,"45":0,"46":0,"47":0,"48":0,"49":0,"50":0,"51":0,"52":0,"53":0,"54":0,"55":0,"56":0,"57":0,"58":0,"59":0,"60":0,"61":0,"62":0,"63":0,"64":0,"65":0,"66":0,"67":0,"68":0,"69":0,"70":0,"71":0,"72":0,"73":0,"74":0,"75":0,"76":0,"77":0,"78":0,"79":0,"80":0,"81":0,"82":0,"83":0,"84":0,"85":0,"86":0,"87":0,"88":0,"89":0,"90":0,"91":0},"b":{"1":[0,0],"2":[0,0],"3":[0,0],"4":[0,0],"5":[0,0],"6":[0,0],"7":[0,0],"8":[0,0],"9":[0,0]},"f":{"1":0,"2":0,"3":0,"4":0,"5":0},"fnMap":{"1":{"name":"executeBorrow","line":60,"loc":{"start":{"line":60,"column":2},"end":{"line":133,"column":2}}},"2":{"name":"executeRepay","line":135,"loc":{"start":{"line":135,"column":2},"end":{"line":190,"column":2}}},"3":{"name":"executeFlashLoan","line":209,"loc":{"start":{"line":209,"column":2},"end":{"line":320,"column":2}}},"4":{"name":"rebalanceStableBorrowRate","line":322,"loc":{"start":{"line":322,"column":2},"end":{"line":357,"column":2}}},"5":{"name":"swapBorrowRateMode","line":359,"loc":{"start":{"line":359,"column":2},"end":{"line":409,"column":2}}}},"statementMap":{"1":{"start":{"line":66,"column":4},"end":{"line":66,"column":66}},"2":{"start":{"line":67,"column":4},"end":{"line":67,"column":64}},"3":{"start":{"line":69,"column":4},"end":{"line":69,"column":36}},"4":{"start":{"line":71,"column":4},"end":{"line":71,"column":2513}},"5":{"start":{"line":85,"column":4},"end":{"line":85,"column":33}},"6":{"start":{"line":86,"column":4},"end":{"line":86,"column":33}},"7":{"start":{"line":88,"column":4},"end":{"line":88,"column":2892}},"8":{"start":{"line":89,"column":6},"end":{"line":89,"column":56}},"9":{"start":{"line":90,"column":6},"end":{"line":90,"column":3055}},"10":{"start":{"line":96,"column":6},"end":{"line":96,"column":53}},"11":{"start":{"line":98,"column":6},"end":{"line":98,"column":3315}},"12":{"start":{"line":104,"column":6},"end":{"line":104,"column":53}},"13":{"start":{"line":107,"column":4},"end":{"line":107,"column":3588}},"14":{"start":{"line":108,"column":6},"end":{"line":108,"column":46}},"15":{"start":{"line":111,"column":4},"end":{"line":111,"column":3672}},"16":{"start":{"line":118,"column":4},"end":{"line":118,"column":3813}},"17":{"start":{"line":119,"column":6},"end":{"line":119,"column":89}},"18":{"start":{"line":122,"column":4},"end":{"line":122,"column":3949}},"19":{"start":{"line":140,"column":4},"end":{"line":140,"column":64}},"20":{"start":{"line":141,"column":4},"end":{"line":141,"column":4608}},"21":{"start":{"line":143,"column":4},"end":{"line":143,"column":91}},"22":{"start":{"line":145,"column":4},"end":{"line":145,"column":4757}},"23":{"start":{"line":156,"column":4},"end":{"line":156,"column":5063}},"24":{"start":{"line":159,"column":4},"end":{"line":159,"column":5098}},"25":{"start":{"line":160,"column":6},"end":{"line":160,"column":32}},"26":{"start":{"line":163,"column":4},"end":{"line":163,"column":36}},"27":{"start":{"line":165,"column":4},"end":{"line":165,"column":5219}},"28":{"start":{"line":166,"column":6},"end":{"line":166,"column":95}},"29":{"start":{"line":167,"column":6},"end":{"line":167,"column":53}},"30":{"start":{"line":169,"column":6},"end":{"line":169,"column":5455}},"31":{"start":{"line":174,"column":6},"end":{"line":174,"column":53}},"32":{"start":{"line":177,"column":4},"end":{"line":177,"column":74}},"33":{"start":{"line":179,"column":4},"end":{"line":179,"column":5764}},"34":{"start":{"line":180,"column":6},"end":{"line":180,"column":47}},"35":{"start":{"line":183,"column":4},"end":{"line":183,"column":93}},"36":{"start":{"line":185,"column":4},"end":{"line":185,"column":81}},"37":{"start":{"line":187,"column":4},"end":{"line":187,"column":70}},"38":{"start":{"line":189,"column":4},"end":{"line":189,"column":24}},"39":{"start":{"line":216,"column":4},"end":{"line":216,"column":34}},"40":{"start":{"line":218,"column":4},"end":{"line":218,"column":66}},"41":{"start":{"line":219,"column":4},"end":{"line":219,"column":64}},"42":{"start":{"line":221,"column":4},"end":{"line":221,"column":87}},"43":{"start":{"line":223,"column":4},"end":{"line":223,"column":66}},"44":{"start":{"line":224,"column":4},"end":{"line":224,"column":7362}},"45":{"start":{"line":230,"column":4},"end":{"line":230,"column":7502}},"46":{"start":{"line":231,"column":6},"end":{"line":231,"column":86}},"47":{"start":{"line":232,"column":6},"end":{"line":232,"column":7664}},"48":{"start":{"line":235,"column":6},"end":{"line":235,"column":7783}},"49":{"start":{"line":241,"column":4},"end":{"line":241,"column":7934}},"50":{"start":{"line":252,"column":4},"end":{"line":252,"column":8184}},"51":{"start":{"line":253,"column":6},"end":{"line":253,"column":51}},"52":{"start":{"line":254,"column":6},"end":{"line":254,"column":53}},"53":{"start":{"line":255,"column":6},"end":{"line":255,"column":61}},"54":{"start":{"line":256,"column":6},"end":{"line":256,"column":84}},"55":{"start":{"line":257,"column":6},"end":{"line":257,"column":8518}},"56":{"start":{"line":260,"column":6},"end":{"line":260,"column":89}},"57":{"start":{"line":262,"column":6},"end":{"line":262,"column":8738}},"58":{"start":{"line":265,"column":8},"end":{"line":265,"column":75}},"59":{"start":{"line":266,"column":8},"end":{"line":266,"column":68}},"60":{"start":{"line":268,"column":8},"end":{"line":268,"column":40}},"61":{"start":{"line":269,"column":8},"end":{"line":269,"column":9051}},"62":{"start":{"line":274,"column":8},"end":{"line":274,"column":9259}},"63":{"start":{"line":278,"column":8},"end":{"line":278,"column":9345}},"64":{"start":{"line":285,"column":8},"end":{"line":285,"column":9500}},"65":{"start":{"line":293,"column":8},"end":{"line":293,"column":9844}},"66":{"start":{"line":311,"column":6},"end":{"line":311,"column":10347}},"67":{"start":{"line":327,"column":4},"end":{"line":327,"column":64}},"68":{"start":{"line":329,"column":4},"end":{"line":329,"column":72}},"69":{"start":{"line":330,"column":4},"end":{"line":330,"column":76}},"70":{"start":{"line":331,"column":4},"end":{"line":331,"column":64}},"71":{"start":{"line":333,"column":4},"end":{"line":333,"column":10983}},"72":{"start":{"line":342,"column":4},"end":{"line":342,"column":36}},"73":{"start":{"line":344,"column":4},"end":{"line":344,"column":68}},"74":{"start":{"line":345,"column":4},"end":{"line":345,"column":11286}},"75":{"start":{"line":352,"column":4},"end":{"line":352,"column":57}},"76":{"start":{"line":354,"column":4},"end":{"line":354,"column":57}},"77":{"start":{"line":356,"column":4},"end":{"line":356,"column":47}},"78":{"start":{"line":365,"column":4},"end":{"line":365,"column":64}},"79":{"start":{"line":367,"column":4},"end":{"line":367,"column":96}},"80":{"start":{"line":369,"column":4},"end":{"line":369,"column":86}},"81":{"start":{"line":371,"column":4},"end":{"line":371,"column":12042}},"82":{"start":{"line":380,"column":4},"end":{"line":380,"column":36}},"83":{"start":{"line":382,"column":4},"end":{"line":382,"column":12246}},"84":{"start":{"line":383,"column":6},"end":{"line":383,"column":87}},"85":{"start":{"line":384,"column":6},"end":{"line":384,"column":12405}},"86":{"start":{"line":390,"column":6},"end":{"line":390,"column":59}},"87":{"start":{"line":392,"column":6},"end":{"line":392,"column":12664}},"88":{"start":{"line":397,"column":6},"end":{"line":397,"column":12830}},"89":{"start":{"line":403,"column":6},"end":{"line":403,"column":63}},"90":{"start":{"line":406,"column":4},"end":{"line":406,"column":57}},"91":{"start":{"line":408,"column":4},"end":{"line":408,"column":42}}},"branchMap":{"1":{"line":88,"type":"if","locations":[{"start":{"line":88,"column":4},"end":{"line":88,"column":4}},{"start":{"line":88,"column":4},"end":{"line":88,"column":4}}]},"2":{"line":107,"type":"if","locations":[{"start":{"line":107,"column":4},"end":{"line":107,"column":4}},{"start":{"line":107,"column":4},"end":{"line":107,"column":4}}]},"3":{"line":118,"type":"if","locations":[{"start":{"line":118,"column":4},"end":{"line":118,"column":4}},{"start":{"line":118,"column":4},"end":{"line":118,"column":4}}]},"4":{"line":159,"type":"if","locations":[{"start":{"line":159,"column":4},"end":{"line":159,"column":4}},{"start":{"line":159,"column":4},"end":{"line":159,"column":4}}]},"5":{"line":165,"type":"if","locations":[{"start":{"line":165,"column":4},"end":{"line":165,"column":4}},{"start":{"line":165,"column":4},"end":{"line":165,"column":4}}]},"6":{"line":179,"type":"if","locations":[{"start":{"line":179,"column":4},"end":{"line":179,"column":4}},{"start":{"line":179,"column":4},"end":{"line":179,"column":4}}]},"7":{"line":241,"type":"if","locations":[{"start
[...]
:0,"66":0,"67":0,"68":0,"69":0,"70":0,"71":0,"72":0,"73":0,"74":0,"75":0,"76":0,"77":0,"78":0,"79":0,"80":0,"81":0,"82":0,"83":0,"84":0,"85":0,"86":0,"87":0,"88":0,"89":0,"90":0,"91":0,"92":0,"93":0,"94":0,"95":0,"96":0,"97":0,"98":0,"99":0,"100":0,"101":0},"b":{"1":[0,0],"2":[0,0],"3":[0,0],"4":[0,0],"5":[0,0],"6":[0,0],"7":[0,0],"8":[0,0],"9":[0,0],"10":[0,0],"11":[0,0],"12":[0,0],"13":[0,0],"14":[0,0]},"f":{"1":0,"2":0,"3":0,"4":0,"5":0,"6":0,"7":0,"8":0,"9":0,"10":0,"11":0,"12":0,"13":0,"14":0,"15":0,"16":0,"17":0,"18":0,"19":0,"20":0,"21":0,"22":0,"23":0,"24":0},"fnMap":{"1":{"name":"initialize","line":61,"loc":{"start":{"line":53,"column":2},"end":{"line":96,"column":2}}},"2":{"name":"getRevision","line":102,"loc":{"start":{"line":102,"column":2},"end":{"line":104,"column":2}}},"3":{"name":"getAverageStableRate","line":110,"loc":{"start":{"line":110,"column":2},"end":{"line":112,"column":2}}},"4":{"name":"getUserLastUpdated","line":118,"loc":{"start":{"line":118,"column":2},"end":{"line":120,"column":2}}},"5":{"name":"getUserStableRate","line":127,"loc":{"start":{"line":127,"column":2},"end":{"line":129,"column":2}}},"6":{"name":"balanceOf","line":135,"loc":{"start":{"line":135,"column":2},"end":{"line":144,"column":2}}},"7":{"name":"mint","line":170,"loc":{"start":{"line":165,"column":2},"end":{"line":217,"column":2}}},"8":{"name":"burn","line":224,"loc":{"start":{"line":224,"column":2},"end":{"line":284,"column":2}}},"9":{"name":"permitDelegation","line":296,"loc":{"start":{"line":296,"column":2},"end":{"line":329,"column":2}}},"10":{"name":"_calculateBalanceIncrease","line":336,"loc":{"start":{"line":336,"column":2},"end":{"line":359,"column":2}}},"11":{"name":"getSupplyData","line":364,"loc":{"start":{"line":364,"column":2},"end":{"line":377,"column":2}}},"12":{"name":"getTotalSupplyAndAvgRate","line":382,"loc":{"start":{"line":382,"column":2},"end":{"line":385,"column":2}}},"13":{"name":"totalSupply","line":390,"loc":{"start":{"line":390,"column":2},"end":{"line":392,"column":2}}},"14":{"name":"getTotalSupplyLastUpdated","line":397,"loc":{"start":{"line":397,"column":2},"end":{"line":399,"column":2}}},"15":{"name":"principalBalanceOf","line":406,"loc":{"start":{"line":406,"column":2},"end":{"line":408,"column":2}}},"16":{"name":"UNDERLYING_ASSET_ADDRESS","line":413,"loc":{"start":{"line":413,"column":2},"end":{"line":415,"column":2}}},"17":{"name":"POOL","line":420,"loc":{"start":{"line":420,"column":2},"end":{"line":422,"column":2}}},"18":{"name":"getIncentivesController","line":427,"loc":{"start":{"line":427,"column":2},"end":{"line":429,"column":2}}},"19":{"name":"_getIncentivesController","line":434,"loc":{"start":{"line":434,"column":2},"end":{"line":436,"column":2}}},"20":{"name":"_getUnderlyingAssetAddress","line":441,"loc":{"start":{"line":441,"column":2},"end":{"line":443,"column":2}}},"21":{"name":"_getPool","line":448,"loc":{"start":{"line":448,"column":2},"end":{"line":450,"column":2}}},"22":{"name":"_calcTotalSupply","line":457,"loc":{"start":{"line":457,"column":2},"end":{"line":468,"column":2}}},"23":{"name":"_mint","line":476,"loc":{"start":{"line":476,"column":2},"end":{"line":487,"column":2}}},"24":{"name":"_burn","line":495,"loc":{"start":{"line":495,"column":2},"end":{"line":506,"column":2}}}},"statementMap":{"1":{"start":{"line":62,"column":4},"end":{"line":62,"column":19}},"2":{"start":{"line":69,"column":4},"end":{"line":69,"column":26}},"3":{"start":{"line":70,"column":4},"end":{"line":70,"column":30}},"4":{"start":{"line":71,"column":4},"end":{"line":71,"column":34}},"5":{"start":{"line":73,"column":4},"end":{"line":73,"column":15}},"6":{"start":{"line":74,"column":4},"end":{"line":74,"column":37}},"7":{"start":{"line":75,"column":4},"end":{"line":75,"column":47}},"8":{"start":{"line":77,"column":4},"end":{"line":77,"column":2776}},"9":{"start":{"line":87,"column":4},"end":{"line":87,"column":2984}},"10":{"start":{"line":103,"column":4},"end":{"line":103,"column":30}},"11":{"start":{"line":111,"column":4},"end":{"line":111,"column":25}},"12":{"start":{"line":119,"column":4},"end":{"line":119,"column":28}},"13":{"start":{"line":128,"column":4},"end":{"line":128,"column":33}},"14":{"start":{"line":136,"column":4},"end":{"line":136,"column":53}},"15":{"start":{"line":137,"column":4},"end":{"line":137,"column":50}},"16":{"start":{"line":138,"column":4},"end":{"line":138,"column":4479}},"17":{"start":{"line":139,"column":6},"end":{"line":139,"column":14}},"18":{"start":{"line":141,"column":4},"end":{"line":141,"column":4605}},"19":{"start":{"line":143,"column":4},"end":{"line":143,"column":51}},"20":{"start":{"line":171,"column":4},"end":{"line":171,"column":29}},"21":{"start":{"line":173,"column":4},"end":{"line":173,"column":5586}},"22":{"start":{"line":174,"column":6},"end":{"line":174,"column":55}},"23":{"start":{"line":177,"column":4},"end":{"line":177,"column":95}},"24":{"start":{"line":179,"column":4},"end":{"line":179,"column":38}},"25":{"start":{"line":180,"column":4},"end":{"line":180,"column":45}},"26":{"start":{"line":181,"column":4},"end":{"line":181,"column":64}},"27":{"start":{"line":183,"column":4},"end":{"line":183,"column":39}},"28":{"start":{"line":185,"column":4},"end":{"line":185,"column":6025}},"29":{"start":{"line":189,"column":4},"end":{"line":189,"column":84}},"30":{"start":{"line":190,"column":4},"end":{"line":190,"column":52}},"31":{"start":{"line":193,"column":4},"end":{"line":193,"column":76}},"32":{"start":{"line":196,"column":4},"end":{"line":196,"column":6501}},"33":{"start":{"line":201,"column":4},"end":{"line":201,"column":67}},"34":{"start":{"line":203,"column":4},"end":{"line":203,"column":49}},"35":{"start":{"line":205,"column":4},"end":{"line":205,"column":6793}},"36":{"start":{"line":216,"column":4},"end":{"line":216,"column":30}},"37":{"start":{"line":225,"column":4},"end":{"line":225,"column":89}},"38":{"start":{"line":227,"column":4},"end":{"line":227,"column":42}},"39":{"start":{"line":228,"column":4},"end":{"line":228,"column":32}},"40":{"start":{"line":229,"column":4},"end":{"line":229,"column":26}},"41":{"start":{"line":230,"column":4},"end":{"line":230,"column":51}},"42":{"start":{"line":236,"column":4},"end":{"line":236,"column":7821}},"43":{"start":{"line":237,"column":6},"end":{"line":237,"column":23}},"44":{"start":{"line":238,"column":6},"end":{"line":238,"column":21}},"45":{"start":{"line":240,"column":6},"end":{"line":240,"column":56}},"46":{"start":{"line":241,"column":6},"end":{"line":241,"column":74}},"47":{"start":{"line":242,"column":6},"end":{"line":242,"column":67}},"48":{"start":{"line":247,"column":6},"end":{"line":247,"column":8343}},"49":{"start":{"line":248,"column":8},"end":{"line":248,"column":59}},"50":{"start":{"line":250,"column":8},"end":{"line":250,"column":97}},"51":{"start":{"line":254,"column":4},"end":{"line":254,"column":8568}},"52":{"start":{"line":255,"column":6},"end":{"line":255,"column":31}},"53":{"start":{"line":256,"column":6},"end":{"line":256,"column":26}},"54":{"start":{"line":259,"column":6},"end":{"line":259,"column":48}},"55":{"start":{"line":262,"column":4},"end":{"line":262,"column":50}},"56":{"start":{"line":264,"column":4},"end":{"line":264,"column":8855}},"57":{"start":{"line":265,"column":6},"end":{"line":265,"column":53}},"58":{"start":{"line":266,"column":6},"end":{"line":266,"column":46}},"59":{"start":{"line":267,"column":6},"end":{"line":267,"column":9000}},"60":{"start":{"line":278,"column":6},"end":{"line":278,"column":53}},"61":{"start":{"line":279,"column":6},"end":{"line":279,"column":46}},"62":{"start":{"line":280,"column":6},"end":{"line":280,"column":98}},"63":{"start":{"line":283,"column":4},"end":{"line":283,"column":43}},"64":{"start":{"line":305,"column":4},"end":{"line":305,"column":56}},"65":{"start":{"line":307,"column":4},"end":{"line":307,"column":61}},"66":{"start":{"line":308,"column":4},"end":{"line":308,"column":50}},"67":{"start":{"line":309,"column":4},"end":{"line":309,"column":10256}},"68":{"start":{"line":326,"column":4},"end":{"line":326,"column":72}},"69":{"start":{"line":327,"column":4},"end":{"line":327,"column":45}},"70":{"start":{"line":328,"column":4},"end":{"line":328,"column":50}},"71":{"start":{"line":345,"column":4},"end":{"line":345,"column":60}},"72":{"start":{"line":347,"column":4},"end":{"line":347,"column":11282}},"73":{"start":{"line":348,"column":6},"end":{"line":348,"column":22}},"74":{"start":{"line":352,"column":4},"end":{"line":352,"column":72}},"75":{"start":{"line":354,"column":4},"end":{"line":354,"column":11501}},"76":{"start":{"line":375,"column":4},"end":{"line":375,"column":36}},"77":{"start":{"line":376,"column":4},"end":{"line":376,"column":91}},"78":{"start":{"line":383,"column":4},"end":{"line":383,"column":36}},"79":{"start":{"line":384,"column":4},"end":{"line":384,"column":47}},"80":{"start":{"line":391,"column":4},"end":{"line":391,"column":43}},"81":{"start":{"line":398,"column":4},"end":{"line":398,"column":32}},"82":{"start":{"line":407,"column":4},"end":{"line":407,"column":32}},"83":{"start":{"line":414,"column":4},"end":{"line":414,"column":27}},"84":{"start":{"line":421,"column":4},"end":{"line":421,"column":16}},"85":{"start":{"line":428,"column":4},"end":{"line":428,"column":37}},"86":{"start":{"line":435,"column":4},"end":{"line":435,"column":32}},"87":{"start":{"line":442,"column":4},"end":{"line":442,"column":27}},"88":{"start":{"line":449,"column":4},"end":{"line":449,"column":16}},"89":{"start":{"line":458,"column":4},"end":{"line":458,"column":49}},"90":{"start":{"line":460,"column":4},"end":{"line":460,"column":14473}},"91":{"start":{"line":461,"column":6},"end":{"line":461,"column":14}},"92":{"start":{"line":464,"column":4},"end":{"line":464,"column":14599}},"93":{"start":{"line":467,"column":4},"end":{"line":467,"column":52}},"94":{"start":{"line":481,"column":4},"end":{"line":481,"column":50}},"95":{"start":{"line":482,"column":4},"end":{"line":482,"column":50}},"96":{"start":{"line":484,"column":4},"end":{"line":484,"column":15133}},"97":{"start":{"line":485,"column":6},"end":{"line":485,"column":83}},"98":{"start":{"line":500,"column":4},"end":{"line":500,"column":50}},"99":{"start":{"line":501,"column":4},"end":{"line":501,"column":50}},"100":{"start":{"line":503,"column":4},"end":{"line":503,"column":15717}},"101":{"start":{"line":504,"column":6},"end":{"line":504,"column":83}}},"branchMap":{"1":{"line":138,"type":"if","locations":[{"start":{"line":138,"column":4},"end":{"line":138,"column":4}},{"start":{"line":138,"column":4},"end":{"line":138,"column":4}}]},"2":{"line":173,"type":"if","locations":[{"start":{"line":173,"column":4},"end":{"line":173,"column":4}},{"start":{"line":173,"column":4},"end":{"line":173,"column":4}}]},"3":{"line":189,"type":"if","locations":[{"start":{"line":189,"column":4},"end":{"line":189,"column":4}},{"start":{"line":189,"column":4},"end":{"line":189,"column":4}}]},"4":{"line":236,"type":"if","locations":[{"start":{"line":236,"column":4},"end":{"line":236,"column":4}},{"start":{"line":236,"column":4},"end":{"line":236,"column":4}}]},"5":{"line":247,"type":"if","locations":[{"start":{"line":247,"column":6},"end":{"line":247,"column":6}},{"start":{"line":247,"column":6},"end":{"line":247,"column":6}}]},"6":{"line":254,"type":"if","locations":[{"start":{"line":254,"column":4},"end":{"line":254,"column":4}},{"start":{"line":254,"column":4},"end":{"line":254,"column":4}}]},"7":{"line":264,"type":"if","locations":[{"start":{"line":264,"column":4},"end":{"line":264,"column":4}},{"start":{"line":264,"column":4},"end":{"line":264,"column":4}}]},"8":{"line":305,"type":"if","locations":[{"start":{"line":305,"column":4},"end":{"line":305,"column":4}},{"start":{"line":305,"column":4},"end":{"line":305,"column":4}}]},"9":{"line":307,"type":"if","locations":[{"start":{"line":307,"column":4},"end":{"line":307,"column":4}},{"start":{"line":307,"column":4},"end":{"line":307,"column":4}}]},"10":{"line":326,"type":"if","locations":[{"start":{"line":326,"column":4},"end":{"line":326,"column":4}},{"start":{"line":326,"column":4},"end":{"line":326,"column":4}}]},"11":{"line":347,"type":"if","locations":[{"start":{"line":347,"column":4},"end":{"line":347,"column":4}},{"start":{"line":347,"column":4},"end":{"line":347,"column":4}}]},"12":{"line":460,"type":"if","locations":[{"start":{"line":460,"column":4},"end":{"line":460,"column":4}},{"start":{"line":460,"column":4},"end":{"line":460,"column":4}}]},"13":{"line":484,"type":"if","locations":[{"start":{"line":484,"column":4},"end":{"line":484,"column":4}},{"start":{"line":484,"column":4},"end":{"line":484,"column":4}}]},"14":{"line":503,"type":"if","locations":[{"start":{"line":503,"column":4},"end":{"line":503,"column":4}},{"start":{"line":503,"column":4},"end":{"line":503,"column":4}}]}}},"contracts/protocol/tokenization/VariableDebtToken.sol":{"l":{"55":0,"58":0,"62":0,"63":0,"64":0,"66":0,"67":0,"68":0,"70":0,"80":0,"96":0,"104":0,"106":0,"107":0,"110":0,"129":0,"130":0,"133":0,"134":0,"135":0,"137":0,"139":0,"140":0,"142":0,"157":0,"158":0,"160":0,"162":0,"163":0,"185":0,"187":0,"188":0,"189":0,"206":0,"207":0,"208":0,"216":0,"224":0,"232":0,"247":0,"254":0,"261":0,"268":0,"272":0,"276":0,"280":0},"path":"/Users/stevenvaleri/Desktop/projects/aave/aave-v3-core/contracts/protocol/tokenization/VariableDebtToken.sol","s":{"1":0,"2":0,"3":0,"4":0,"5":0,"6":0,"7":0,"8":0,"9":0,"10":0,"11":0,"12":0,"13":0,"14":0,"15":0,"16":0,"17":0,"18":0,"19":0,"20":0,"21":0,"22":0,"23":0,"24":0,"25":0,"26":0,"27":0,"28":0,"29":0,"30":0,"31":0,"32":0,"33":0,"34":0,"35":0,"36":0,"37":0,"38":0,"39":0,"40":0,"41":0,"42":0,"43":0,"44":0,"45":0},"b":{"1":[0,0],"2":[0,0],"3":[0,0],"4":[0,0],"5":[0,0],"6":[0,0],"7":[0,0]},"f":{"1":0,"2":0,"3":0,"4":0,"5":0,"6":0,"7":0,"8":0,"9":0,"10":0,"11":0,"12":0,"13":0,"14":0,"15":0,"16":0},"fnMap":{"1":{"name":"initialize","line":54,"loc":{"start":{"line":46,"column":2},"end":{"line":89,"column":2}}},"2":{"name":"getRevision","line":95,"loc":{"start":{"line":95,"column":2},"end":{"line":97,"column":2}}},"3":{"name":"balanceOf","line":103,"loc":{"start":{"line":103,"column":2},"end":{"line":111,"column":2}}},"4":{"name":"mint","line":128,"loc":{"start":{"line":123,"column":2},"end":{"line":143,"column":2}}},"5":{"name":"burn","line":156,"loc":{"start":{"line":152,"column":2},"end":{"line":164,"column":2}}},"6":{"name":"permitDelegation","line":176,"loc":{"start":{"line":176,"column":2},"end":{"line":209,"column":2}}},"7":{"name":"scaledBalanceOf","line":215,"loc":{"start":{"line":215,"column":2},"end":{"line":217,"column":2}}},"8":{"name":"totalSupply","line":223,"loc":{"start":{"line":223,"column":2},"end":{"line":225,"column":2}}},"9":{"name":"scaledTotalSupply","line":231,"loc":{"start":{"line":231,"column":2},"end":{"line":233,"column":2}}},"10":{"name":"getScaledUserBalanceAndSupply","line":241,"loc":{"start":{"line":241,"column":2},"end":{"line":248,"column":2}}},"11":{"name":"UNDERLYING_ASSET_ADDRESS","line":253,"loc":{"start":{"line":253,"column":2},"end":{"line":255,"column":2}}},"12":{"name":"getIncentivesController","line":260,"loc":{"start":{"line":260,"column":2},"end":{"line":262,"column":2}}},"13":{"name":"POOL","line":267,"loc":{"start":{"line":267,"column":2},"end":{"line":269,"column":2}}},"14":{"name":"_getIncentivesController","line":271,"loc":{"start":{"line":271,"column":2},"end":{"line":273,"column":2}}},"15":{"name":"_getUnderlyingAssetAddress","line":275,"loc":{"start":{"line":275,"column":2},"end":{"line":277,"column":2}}},"16":{"name":"_getPool","line":279,"loc":{"start":{"line":279,"column":2},"end":{"line":281,"column":2}}}},"statementMap":{"1":{"start":{"line":55,"column":4},"end":{"line":55,"column":19}},"2":{"start":{"line":62,"column":4},"end":{"line":62,"column":26}},"3":{"start":{"line":63,"column":4},"end":{"line":63,"column":30}},"4":{"start":{"line":64,"column":4},"end":{"line":64,"column":34}},"5":{"start":{"line":66,"column":4},"end":{"line":66,"column":15}},"6":{"start":{"line":67,"column":4},"end":{"line":67,"column":37}},"7":{"start":{"line":68,"column":4},"end":{"line":68,"column":47}},"8":{"start":{"line":70,"column":4},"end":{"line":70,"column":2463}},"9":{"start":{"line":80,"column":4},"end":{"line":80,"column":2671}},"10":{"start":{"line":96,"column":4},"end":{"line":96,"column":30}},"11":{"start":{"line":104,"column":4},"end":{"line":104,"column":49}},"12":{"start":{"line":106,"column":4},"end":{"line":106,"column":3366}},"13":{"start":{"line":107,"column":6},"end":{"line":107,"column":14}},"14":{"start":{"line":110,"column":4},"end":{"line":110,"column":89}},"15":{"start":{"line":129,"column":4},"end":{"line":129,"column":4147}},"16":{"start":{"line":130,"column":6},"end":{"line":130,"column":55}},"17":{"start":{"line":133,"column":4},"end":{"line":133,"column":57}},"18":{"start":{"line":134,"column":4},"end":{"line":134,"column":47}},"19":{"start":{"line":135,"column":4},"end":{"line":135,"column":60}},"20":{"start":{"line":137,"column":4},"end":{"line":137,"column":34}},"21":{"start":{"line":139,"column":4},"end":{"line":139,"column":49}},"22":{"start":{"line":140,"column":4},"end":{"line":140,"column":46}},"23":{"start":{"line":142,"column":4},"end":{"line":142,"column":31}},"24":{"start":{"line":157,"column":4},"end":{"line":157,"column":47}},"25":{"start":{"line":158,"column":4},"end":{"line":158,"column":60}},"26":{"start":{"line":160,"column":4},"end":{"line":160,"column":28}},"27":{"start":{"line":162,"column":4},"end":{"line":162,"column":43}},"28":{"start":{"line":163,"column":4},"end":{"line":163,"column":34}},"29":{"start":{"line":185,"column":4},"end":{"line":185,"column":56}},"30":{"start":{"line":187,"column":4},"end":{"line":187,"column":61}},"31":{"start":{"line":188,"column":4},"end":{"line":188,"column":50}},"32":{"start":{"line":189,"column":4},"end":{"line":189,"column":5958}},"33":{"start":{"line":206,"column":4},"end":{"line":206,"column":72}},"34":{"start":{"line":207,"column":4},"end":{"line":207,"column":45}},"35":{"start":{"line":208,"column":4},"end":{"line":208,"column":50}},"36":{"start":{"line":216,"column":4},"end":{"line":216,"column":32}},"37":{"start":{"line":224,"column":4},"end":{"line":224,"column":95}},"38":{"start":{"line":232,"column":4},"end":{"line":232,"column":30}},"39":{"start":{"line":247,"column":4},"end":{"line":247,"column":55}},"40":{"start":{"line":254,"column":4},"end":{"line":254,"column":27}},"41":{"start":{"line":261,"column":4},"end":{"line":261,"column":37}},"42":{"start":{"line":268,"column":4},"end":{"line":268,"column":16}},"43":{"start":{"line":272,"column":4},"end":{"line":272,"column":32}},"44":{"start":{"line":276,"column":4},"end":{"line":276,"column":27}},"45":{"start":{"line":280,"column":4},"end":{"line":280,"column":16}}},"branchMap":{"1":{"line":106,"type":"if","locations":[{"start":{"line":106,"column":4},"end":{"line":106,"column":4}},{"start":{"line":106,"column":4},"end":{"line":106,"column":4}}]},"2":{"line":129,"type":"if","locations":[{"start":{"line":129,"column":4},"end":{"line":129,"column":4}},{"start":{"line":129,"column":4},"end":{"line":129,"column":4}}]},"3":{"line":135,"type":"if","locations":[{"start":{"line":135,"column":4},"end":{"line":135,"column":4}},{"start":{"line":135,"column":4},"end":{"line":135,"column":4}}]},"4":{"line":158,"type":"if","locations":[{"start":{"line":158,"column":4},"end":{"line":158,"column":4}},{"start":{"line":158,"column":4},"end":{"line":158,"column":4}}]},"5":{"line":185,"type":"if","locations":[{"start":{"line":185,"column":4},"end":{"line":185,"column":4}},{"start":{"line":185,"column":4},"end":{"line":185,"column":4}}]},"6":{"line":187,"type":"if","locations":[{"start":{"line":187,"column":4},"end":{"line":187,"column":4}},{"start":{"line":187,"column":4},"end":{"line":187,"column":4}}]},"7":{"line":206,"type":"if","locations":[{"start":{"line":206,"column":4},"end":{"line":206,"column":4}},{"start":{"line":206,"column":4},"end":{"line":206,"column":4}}]}}}}